#
# A fatal error has been detected by the Java Runtime Environment:
#
#  Internal Error (safepoint.cpp:919), pid=36583, tid=27911
#  fatal error: Illegal threadstate encountered: 4
#
# JRE version: OpenJDK Runtime Environment Temurin-11.0.13+8 (11.0.13+8) (build 11.0.13+8)
# Java VM: OpenJDK 64-Bit Server VM Temurin-11.0.13+8 (11.0.13+8, mixed mode, tiered, compressed oops, g1 gc, bsd-amd64)
# No core dump will be written. Core dumps have been disabled. To enable core dumping, try "ulimit -c unlimited" before starting Java again
#
# If you would like to submit a bug report, please visit:
#   https://github.com/adoptium/adoptium-support/issues
# The crash happened outside the Java Virtual Machine in native code.
# See problematic frame for where to report the bug.
#

---------------  S U M M A R Y ------------

Command Line: -Dfile.encoding=UTF-8 br.edu.femass.Main

Host: MacBookAir7,2 x86_64 1800 MHz, 4 cores, 8G, Darwin 21.1.0
Time: Mon Nov  8 19:40:26 2021 -03 elapsed time: 77.300144 seconds (0d 0h 1m 17s)

---------------  T H R E A D  ---------------

Current thread (0x00007fd5fc1f1000):  JavaThread "InvokeLaterDispatcher" daemon [_thread_in_native, id=27911, stack(0x000070000a7ed000,0x000070000a8ed000)]

Stack: [0x000070000a7ed000,0x000070000a8ed000],  sp=0x000070000a8eb320,  free space=1016k
Native frames: (J=compiled Java code, A=aot compiled Java code, j=interpreted, Vv=VM code, C=native code)
V  [libjvm.dylib+0x7c3ee8]  _ZN7VMError14report_and_dieEiPKcS1_P13__va_list_tagP6ThreadPhPvS7_S1_im+0x652
V  [libjvm.dylib+0x276925]  _Z12report_fatal11VMErrorTypePKciS1_z+0xc0
V  [libjvm.dylib+0x69a191]  _ZN20SafepointSynchronize5blockEP10JavaThread+0x1d9
V  [libjvm.dylib+0x69b6ff]  _ZN18SafepointMechanism23block_if_requested_slowEP10JavaThread+0x1d
V  [libjvm.dylib+0x77c95a]  _ZN10JavaThread44check_safepoint_and_suspend_for_native_transEPS_+0x9c
V  [libjvm.dylib+0x3f186a]  jni_DeleteGlobalRef+0x93
C  [libglass.dylib+0x8871]  -[GlassRunnable dealloc]+0x31
C  [Foundation+0x8210b]  -[_NSThreadPerformInfo dealloc]+0x2a
C  [Foundation+0x4edc7]  -[NSObject(NSThreadPerformAdditions) performSelectorOnMainThread:withObject:waitUntilDone:]+0x7c
J 3667  com.sun.glass.ui.mac.MacApplication._submitForLaterInvocation(Ljava/lang/Runnable;)V (0 bytes) @ 0x00000001167e028f [0x00000001167e01c0+0x00000000000000cf]
J 3447 c1 com.sun.glass.ui.mac.MacApplication.submitForLaterInvocation(Ljava/lang/Runnable;)V (6 bytes) @ 0x000000010f7c5db4 [0x000000010f7c5d40+0x0000000000000074]
j  com.sun.glass.ui.InvokeLaterDispatcher.run()V+82
v  ~StubRoutines::call_stub
V  [libjvm.dylib+0x3b5a80]  _ZN9JavaCalls11call_helperEP9JavaValueRK12methodHandleP17JavaCallArgumentsP6Thread+0x1fe
V  [libjvm.dylib+0x3b4ee6]  _ZN9JavaCalls12call_virtualEP9JavaValueP5KlassP6SymbolS5_P17JavaCallArgumentsP6Thread+0xee
V  [libjvm.dylib+0x3b4fa2]  _ZN9JavaCalls12call_virtualEP9JavaValue6HandleP5KlassP6SymbolS6_P6Thread+0x62
V  [libjvm.dylib+0x43c182]  _ZL12thread_entryP10JavaThreadP6Thread+0x78
V  [libjvm.dylib+0x77b3e4]  _ZN10JavaThread17thread_main_innerEv+0x82
V  [libjvm.dylib+0x77b22e]  _ZN10JavaThread3runEv+0x122
V  [libjvm.dylib+0x779148]  _ZN6Thread8call_runEv+0x68
V  [libjvm.dylib+0x6277ed]  _ZL19thread_native_entryP6Thread+0x139
C  [libsystem_pthread.dylib+0x6514]  _pthread_start+0x7d
C  [libsystem_pthread.dylib+0x202f]  thread_start+0xf

Java frames: (J=compiled Java code, j=interpreted, Vv=VM code)
J 3667  com.sun.glass.ui.mac.MacApplication._submitForLaterInvocation(Ljava/lang/Runnable;)V (0 bytes) @ 0x00000001167e021c [0x00000001167e01c0+0x000000000000005c]
J 3447 c1 com.sun.glass.ui.mac.MacApplication.submitForLaterInvocation(Ljava/lang/Runnable;)V (6 bytes) @ 0x000000010f7c5db4 [0x000000010f7c5d40+0x0000000000000074]
j  com.sun.glass.ui.InvokeLaterDispatcher.run()V+82
v  ~StubRoutines::call_stub

---------------  P R O C E S S  ---------------

Threads class SMR info:
_java_thread_list=0x0000600002ac2f60, length=17, elements={
0x00007fd5fe00d800, 0x00007fd5fd013800, 0x00007fd5fc06b800, 0x00007fd5fd838000,
0x00007fd5fd017000, 0x00007fd5fd838800, 0x00007fd5fe06b000, 0x00007fd5fc0d3800,
0x00007fd5fc00b000, 0x00007fd5fe0a6000, 0x00007fd5fe196000, 0x00007fd5fc1f1000,
0x00007fd5fe2a3800, 0x00007fd5fdac9000, 0x00007fd5fe09a000, 0x00007fd5fe2bb800,
0x00007fd5fc1ec000
}

Java Threads: ( => current thread )
  0x00007fd5fe00d800 JavaThread "main" [_thread_blocked, id=6659, stack(0x000070000942e000,0x000070000952e000)]
  0x00007fd5fd013800 JavaThread "Reference Handler" daemon [_thread_blocked, id=17923, stack(0x0000700009b43000,0x0000700009c43000)]
  0x00007fd5fc06b800 JavaThread "Finalizer" daemon [_thread_blocked, id=13827, stack(0x0000700009c46000,0x0000700009d46000)]
  0x00007fd5fd838000 JavaThread "Signal Dispatcher" daemon [_thread_blocked, id=15363, stack(0x0000700009ed2000,0x0000700009fd2000)]
  0x00007fd5fd017000 JavaThread "Service Thread" daemon [_thread_blocked, id=43267, stack(0x0000700009fd5000,0x000070000a0d5000)]
  0x00007fd5fd838800 JavaThread "C2 CompilerThread0" daemon [_thread_in_native, id=22275, stack(0x000070000a0d8000,0x000070000a1d8000)]
  0x00007fd5fe06b000 JavaThread "C1 CompilerThread0" daemon [_thread_blocked, id=42243, stack(0x000070000a1db000,0x000070000a2db000)]
  0x00007fd5fc0d3800 JavaThread "Sweeper thread" daemon [_thread_blocked, id=22787, stack(0x000070000a2de000,0x000070000a3de000)]
  0x00007fd5fc00b000 JavaThread "Common-Cleaner" daemon [_thread_blocked, id=41219, stack(0x000070000a4e4000,0x000070000a5e4000)]
  0x00007fd5fe0a6000 JavaThread "JavaFX-Launcher" [_thread_blocked, id=40451, stack(0x000070000a5e7000,0x000070000a6e7000)]
  0x00007fd5fe196000 JavaThread "QuantumRenderer-0" daemon [_thread_blocked, id=40195, stack(0x000070000a6ea000,0x000070000a7ea000)]
=>0x00007fd5fc1f1000 JavaThread "InvokeLaterDispatcher" daemon [_thread_in_native, id=27911, stack(0x000070000a7ed000,0x000070000a8ed000)]
  0x00007fd5fe2a3800 JavaThread "JavaFX Application Thread" [_thread_in_native, id=259, stack(0x00007ff7bc7e2000,0x00007ff7bcfe2000)]
  0x00007fd5fdac9000 JavaThread "Thread-3" daemon [_thread_in_native, id=82951, stack(0x000070000a8f0000,0x000070000a970000)]
  0x00007fd5fe09a000 JavaThread "Attach Listener" daemon [_thread_blocked, id=72963, stack(0x000070000ad82000,0x000070000ae82000)]
  0x00007fd5fe2bb800 JavaThread "Prism Font Disposer" daemon [_thread_blocked, id=70687, stack(0x000070000ae85000,0x000070000af85000)]
  0x00007fd5fc1ec000 JavaThread "Cleaner-0" daemon [_thread_blocked, id=57859, stack(0x000070000af88000,0x000070000b088000)]

Other Threads:
  0x00007fd5fe067000 VMThread "VM Thread" [stack: 0x0000700009a40000,0x0000700009b40000] [id=18435]
  0x00007fd5fe06a000 WatcherThread [stack: 0x000070000a3e1000,0x000070000a4e1000] [id=23043]
  0x00007fd5fc015000 GCTaskThread "GC Thread#0" [stack: 0x0000700009531000,0x0000700009631000] [id=11523]
  0x00007fd5fc2ef000 GCTaskThread "GC Thread#1" [stack: 0x000070000aa79000,0x000070000ab79000] [id=51207]
  0x00007fd5fe313000 GCTaskThread "GC Thread#2" [stack: 0x000070000ab7c000,0x000070000ac7c000] [id=51463]
  0x00007fd5fe2f1800 GCTaskThread "GC Thread#3" [stack: 0x000070000ac7f000,0x000070000ad7f000] [id=73219]
  0x00007fd5fc036000 ConcurrentGCThread "G1 Main Marker" [stack: 0x0000700009634000,0x0000700009734000] [id=12035]
  0x00007fd5fd00c000 ConcurrentGCThread "G1 Conc#0" [stack: 0x0000700009737000,0x0000700009837000] [id=19971]
  0x00007fd5fe04e000 ConcurrentGCThread "G1 Refine#0" [stack: 0x000070000983a000,0x000070000993a000] [id=19459]
  0x00007fd5fe04f000 ConcurrentGCThread "G1 Young RemSet Sampling" [stack: 0x000070000993d000,0x0000700009a3d000] [id=12291]

Threads with active compile tasks:
C2 CompilerThread0  77358 4676       4       com.sun.javafx.css.StyleManager$Cache::getStyleMap (400 bytes)

VM state:not at safepoint (normal execution)

VM Mutex/Monitor currently owned by a thread: None

Heap address: 0x0000000780000000, size: 2048 MB, Compressed Oops mode: Zero based, Oop shift amount: 3
Narrow klass base: 0x0000000800000000, Narrow klass shift: 0
Compressed class space size: 1073741824 Address: 0x0000000800000000

Heap:
 garbage-first heap   total 131072K, used 33183K [0x0000000780000000, 0x0000000800000000)
  region size 1024K, 25 young (25600K), 4 survivors (4096K)
 Metaspace       used 29655K, capacity 30743K, committed 30976K, reserved 1077248K
  class space    used 3577K, capacity 4063K, committed 4096K, reserved 1048576K
Heap Regions: E=young(eden), S=young(survivor), O=old, HS=humongous(starts), HC=humongous(continues), CS=collection set, F=free, A=archive, TAMS=top-at-mark-start (previous, next)
|   0|0x0000000780000000, 0x0000000780100000, 0x0000000780100000|100%| O|  |TAMS 0x0000000780100000, 0x0000000780000000| Untracked 
|   1|0x0000000780100000, 0x0000000780200000, 0x0000000780200000|100%| O|  |TAMS 0x0000000780200000, 0x0000000780100000| Untracked 
|   2|0x0000000780200000, 0x0000000780300000, 0x0000000780300000|100%| O|  |TAMS 0x0000000780300000, 0x0000000780200000| Untracked 
|   3|0x0000000780300000, 0x0000000780400000, 0x0000000780400000|100%|HS|  |TAMS 0x0000000780400000, 0x0000000780300000| Complete 
|   4|0x0000000780400000, 0x0000000780500000, 0x0000000780500000|100%|HC|  |TAMS 0x0000000780500000, 0x0000000780400000| Complete 
|   5|0x0000000780500000, 0x0000000780600000, 0x0000000780600000|100%| O|  |TAMS 0x000000078053c800, 0x0000000780500000| Untracked 
|   6|0x0000000780600000, 0x0000000780700000, 0x0000000780700000|100%| O|  |TAMS 0x0000000780600000, 0x0000000780600000| Untracked 
|   7|0x0000000780700000, 0x0000000780800000, 0x0000000780800000|100%| O|  |TAMS 0x0000000780700000, 0x0000000780700000| Untracked 
|   8|0x0000000780800000, 0x0000000780900000, 0x0000000780900000|100%| O|  |TAMS 0x0000000780800000, 0x0000000780800000| Untracked 
|   9|0x0000000780900000, 0x0000000780941000, 0x0000000780a00000| 25%| O|  |TAMS 0x0000000780900000, 0x0000000780900000| Untracked 
|  10|0x0000000780a00000, 0x0000000780a00000, 0x0000000780b00000|  0%| F|  |TAMS 0x0000000780a00000, 0x0000000780a00000| Untracked 
|  11|0x0000000780b00000, 0x0000000780b00000, 0x0000000780c00000|  0%| F|  |TAMS 0x0000000780b00000, 0x0000000780b00000| Untracked 
|  12|0x0000000780c00000, 0x0000000780c00000, 0x0000000780d00000|  0%| F|  |TAMS 0x0000000780c00000, 0x0000000780c00000| Untracked 
|  13|0x0000000780d00000, 0x0000000780d00000, 0x0000000780e00000|  0%| F|  |TAMS 0x0000000780d00000, 0x0000000780d00000| Untracked 
|  14|0x0000000780e00000, 0x0000000780e00000, 0x0000000780f00000|  0%| F|  |TAMS 0x0000000780e00000, 0x0000000780e00000| Untracked 
|  15|0x0000000780f00000, 0x0000000780f00000, 0x0000000781000000|  0%| F|  |TAMS 0x0000000780f00000, 0x0000000780f00000| Untracked 
|  16|0x0000000781000000, 0x0000000781000000, 0x0000000781100000|  0%| F|  |TAMS 0x0000000781000000, 0x0000000781000000| Untracked 
|  17|0x0000000781100000, 0x0000000781100000, 0x0000000781200000|  0%| F|  |TAMS 0x0000000781100000, 0x0000000781100000| Untracked 
|  18|0x0000000781200000, 0x0000000781200000, 0x0000000781300000|  0%| F|  |TAMS 0x0000000781200000, 0x0000000781200000| Untracked 
|  19|0x0000000781300000, 0x0000000781300000, 0x0000000781400000|  0%| F|  |TAMS 0x0000000781300000, 0x0000000781300000| Untracked 
|  20|0x0000000781400000, 0x0000000781400000, 0x0000000781500000|  0%| F|  |TAMS 0x0000000781400000, 0x0000000781400000| Untracked 
|  21|0x0000000781500000, 0x0000000781500000, 0x0000000781600000|  0%| F|  |TAMS 0x0000000781500000, 0x0000000781500000| Untracked 
|  22|0x0000000781600000, 0x0000000781600000, 0x0000000781700000|  0%| F|  |TAMS 0x0000000781600000, 0x0000000781600000| Untracked 
|  23|0x0000000781700000, 0x0000000781700000, 0x0000000781800000|  0%| F|  |TAMS 0x0000000781700000, 0x0000000781700000| Untracked 
|  24|0x0000000781800000, 0x0000000781800000, 0x0000000781900000|  0%| F|  |TAMS 0x0000000781800000, 0x0000000781800000| Untracked 
|  25|0x0000000781900000, 0x0000000781900000, 0x0000000781a00000|  0%| F|  |TAMS 0x0000000781900000, 0x0000000781900000| Untracked 
|  26|0x0000000781a00000, 0x0000000781a00000, 0x0000000781b00000|  0%| F|  |TAMS 0x0000000781a00000, 0x0000000781a00000| Untracked 
|  27|0x0000000781b00000, 0x0000000781b00000, 0x0000000781c00000|  0%| F|  |TAMS 0x0000000781b00000, 0x0000000781b00000| Untracked 
|  28|0x0000000781c00000, 0x0000000781c00000, 0x0000000781d00000|  0%| F|  |TAMS 0x0000000781c00000, 0x0000000781c00000| Untracked 
|  29|0x0000000781d00000, 0x0000000781d00000, 0x0000000781e00000|  0%| F|  |TAMS 0x0000000781d00000, 0x0000000781d00000| Untracked 
|  30|0x0000000781e00000, 0x0000000781e00000, 0x0000000781f00000|  0%| F|  |TAMS 0x0000000781e00000, 0x0000000781e00000| Untracked 
|  31|0x0000000781f00000, 0x0000000781f00000, 0x0000000782000000|  0%| F|  |TAMS 0x0000000781f00000, 0x0000000781f00000| Untracked 
|  32|0x0000000782000000, 0x0000000782000000, 0x0000000782100000|  0%| F|  |TAMS 0x0000000782000000, 0x0000000782000000| Untracked 
|  33|0x0000000782100000, 0x0000000782100000, 0x0000000782200000|  0%| F|  |TAMS 0x0000000782100000, 0x0000000782100000| Untracked 
|  34|0x0000000782200000, 0x0000000782200000, 0x0000000782300000|  0%| F|  |TAMS 0x0000000782200000, 0x0000000782200000| Untracked 
|  35|0x0000000782300000, 0x0000000782300000, 0x0000000782400000|  0%| F|  |TAMS 0x0000000782300000, 0x0000000782300000| Untracked 
|  36|0x0000000782400000, 0x0000000782400000, 0x0000000782500000|  0%| F|  |TAMS 0x0000000782400000, 0x0000000782400000| Untracked 
|  37|0x0000000782500000, 0x0000000782500000, 0x0000000782600000|  0%| F|  |TAMS 0x0000000782500000, 0x0000000782500000| Untracked 
|  38|0x0000000782600000, 0x0000000782600000, 0x0000000782700000|  0%| F|  |TAMS 0x0000000782600000, 0x0000000782600000| Untracked 
|  39|0x0000000782700000, 0x0000000782700000, 0x0000000782800000|  0%| F|  |TAMS 0x0000000782700000, 0x0000000782700000| Untracked 
|  40|0x0000000782800000, 0x0000000782800000, 0x0000000782900000|  0%| F|  |TAMS 0x0000000782800000, 0x0000000782800000| Untracked 
|  41|0x0000000782900000, 0x0000000782900000, 0x0000000782a00000|  0%| F|  |TAMS 0x0000000782900000, 0x0000000782900000| Untracked 
|  42|0x0000000782a00000, 0x0000000782a00000, 0x0000000782b00000|  0%| F|  |TAMS 0x0000000782a00000, 0x0000000782a00000| Untracked 
|  43|0x0000000782b00000, 0x0000000782b00000, 0x0000000782c00000|  0%| F|  |TAMS 0x0000000782b00000, 0x0000000782b00000| Untracked 
|  44|0x0000000782c00000, 0x0000000782c00000, 0x0000000782d00000|  0%| F|  |TAMS 0x0000000782c00000, 0x0000000782c00000| Untracked 
|  45|0x0000000782d00000, 0x0000000782d00000, 0x0000000782e00000|  0%| F|  |TAMS 0x0000000782d00000, 0x0000000782d00000| Untracked 
|  46|0x0000000782e00000, 0x0000000782e00000, 0x0000000782f00000|  0%| F|  |TAMS 0x0000000782e00000, 0x0000000782e00000| Untracked 
|  47|0x0000000782f00000, 0x0000000782f00000, 0x0000000783000000|  0%| F|  |TAMS 0x0000000782f00000, 0x0000000782f00000| Untracked 
|  48|0x0000000783000000, 0x0000000783000000, 0x0000000783100000|  0%| F|  |TAMS 0x0000000783000000, 0x0000000783000000| Untracked 
|  49|0x0000000783100000, 0x0000000783100000, 0x0000000783200000|  0%| F|  |TAMS 0x0000000783100000, 0x0000000783100000| Untracked 
|  50|0x0000000783200000, 0x0000000783200000, 0x0000000783300000|  0%| F|  |TAMS 0x0000000783200000, 0x0000000783200000| Untracked 
|  51|0x0000000783300000, 0x0000000783300000, 0x0000000783400000|  0%| F|  |TAMS 0x0000000783300000, 0x0000000783300000| Untracked 
|  52|0x0000000783400000, 0x0000000783400000, 0x0000000783500000|  0%| F|  |TAMS 0x0000000783400000, 0x0000000783400000| Untracked 
|  53|0x0000000783500000, 0x0000000783500000, 0x0000000783600000|  0%| F|  |TAMS 0x0000000783500000, 0x0000000783500000| Untracked 
|  54|0x0000000783600000, 0x0000000783600000, 0x0000000783700000|  0%| F|  |TAMS 0x0000000783600000, 0x0000000783600000| Untracked 
|  55|0x0000000783700000, 0x0000000783700000, 0x0000000783800000|  0%| F|  |TAMS 0x0000000783700000, 0x0000000783700000| Untracked 
|  56|0x0000000783800000, 0x0000000783800000, 0x0000000783900000|  0%| F|  |TAMS 0x0000000783800000, 0x0000000783800000| Untracked 
|  57|0x0000000783900000, 0x0000000783900000, 0x0000000783a00000|  0%| F|  |TAMS 0x0000000783900000, 0x0000000783900000| Untracked 
|  58|0x0000000783a00000, 0x0000000783a00000, 0x0000000783b00000|  0%| F|  |TAMS 0x0000000783a00000, 0x0000000783a00000| Untracked 
|  59|0x0000000783b00000, 0x0000000783b00000, 0x0000000783c00000|  0%| F|  |TAMS 0x0000000783b00000, 0x0000000783b00000| Untracked 
|  60|0x0000000783c00000, 0x0000000783c00000, 0x0000000783d00000|  0%| F|  |TAMS 0x0000000783c00000, 0x0000000783c00000| Untracked 
|  61|0x0000000783d00000, 0x0000000783d00000, 0x0000000783e00000|  0%| F|  |TAMS 0x0000000783d00000, 0x0000000783d00000| Untracked 
|  62|0x0000000783e00000, 0x0000000783e00000, 0x0000000783f00000|  0%| F|  |TAMS 0x0000000783e00000, 0x0000000783e00000| Untracked 
|  63|0x0000000783f00000, 0x0000000783f00000, 0x0000000784000000|  0%| F|  |TAMS 0x0000000783f00000, 0x0000000783f00000| Untracked 
|  64|0x0000000784000000, 0x0000000784000000, 0x0000000784100000|  0%| F|  |TAMS 0x0000000784000000, 0x0000000784000000| Untracked 
|  65|0x0000000784100000, 0x0000000784100000, 0x0000000784200000|  0%| F|  |TAMS 0x0000000784100000, 0x0000000784100000| Untracked 
|  66|0x0000000784200000, 0x0000000784200000, 0x0000000784300000|  0%| F|  |TAMS 0x0000000784200000, 0x0000000784200000| Untracked 
|  67|0x0000000784300000, 0x0000000784300000, 0x0000000784400000|  0%| F|  |TAMS 0x0000000784300000, 0x0000000784300000| Untracked 
|  68|0x0000000784400000, 0x0000000784400000, 0x0000000784500000|  0%| F|  |TAMS 0x0000000784400000, 0x0000000784400000| Untracked 
|  69|0x0000000784500000, 0x0000000784500000, 0x0000000784600000|  0%| F|  |TAMS 0x0000000784500000, 0x0000000784500000| Untracked 
|  70|0x0000000784600000, 0x0000000784600000, 0x0000000784700000|  0%| F|  |TAMS 0x0000000784600000, 0x0000000784600000| Untracked 
|  71|0x0000000784700000, 0x0000000784700000, 0x0000000784800000|  0%| F|  |TAMS 0x0000000784700000, 0x0000000784700000| Untracked 
|  72|0x0000000784800000, 0x0000000784800000, 0x0000000784900000|  0%| F|  |TAMS 0x0000000784800000, 0x0000000784800000| Untracked 
|  73|0x0000000784900000, 0x0000000784900000, 0x0000000784a00000|  0%| F|  |TAMS 0x0000000784900000, 0x0000000784900000| Untracked 
|  74|0x0000000784a00000, 0x0000000784a00000, 0x0000000784b00000|  0%| F|  |TAMS 0x0000000784a00000, 0x0000000784a00000| Untracked 
|  75|0x0000000784b00000, 0x0000000784b00000, 0x0000000784c00000|  0%| F|  |TAMS 0x0000000784b00000, 0x0000000784b00000| Untracked 
|  76|0x0000000784c00000, 0x0000000784c00000, 0x0000000784d00000|  0%| F|  |TAMS 0x0000000784c00000, 0x0000000784c00000| Untracked 
|  77|0x0000000784d00000, 0x0000000784d00000, 0x0000000784e00000|  0%| F|  |TAMS 0x0000000784d00000, 0x0000000784d00000| Untracked 
|  78|0x0000000784e00000, 0x0000000784e00000, 0x0000000784f00000|  0%| F|  |TAMS 0x0000000784e00000, 0x0000000784e00000| Untracked 
|  79|0x0000000784f00000, 0x0000000784f00000, 0x0000000785000000|  0%| F|  |TAMS 0x0000000784f00000, 0x0000000784f00000| Untracked 
|  80|0x0000000785000000, 0x0000000785000000, 0x0000000785100000|  0%| F|  |TAMS 0x0000000785000000, 0x0000000785000000| Untracked 
|  81|0x0000000785100000, 0x0000000785100000, 0x0000000785200000|  0%| F|  |TAMS 0x0000000785100000, 0x0000000785100000| Untracked 
|  82|0x0000000785200000, 0x0000000785200000, 0x0000000785300000|  0%| F|  |TAMS 0x0000000785200000, 0x0000000785200000| Untracked 
|  83|0x0000000785300000, 0x0000000785300000, 0x0000000785400000|  0%| F|  |TAMS 0x0000000785300000, 0x0000000785300000| Untracked 
|  84|0x0000000785400000, 0x0000000785400000, 0x0000000785500000|  0%| F|  |TAMS 0x0000000785400000, 0x0000000785400000| Untracked 
|  85|0x0000000785500000, 0x0000000785500000, 0x0000000785600000|  0%| F|  |TAMS 0x0000000785500000, 0x0000000785500000| Untracked 
|  86|0x0000000785600000, 0x0000000785600000, 0x0000000785700000|  0%| F|  |TAMS 0x0000000785600000, 0x0000000785600000| Untracked 
|  87|0x0000000785700000, 0x0000000785700000, 0x0000000785800000|  0%| F|  |TAMS 0x0000000785700000, 0x0000000785700000| Untracked 
|  88|0x0000000785800000, 0x0000000785800000, 0x0000000785900000|  0%| F|  |TAMS 0x0000000785800000, 0x0000000785800000| Untracked 
|  89|0x0000000785900000, 0x0000000785900000, 0x0000000785a00000|  0%| F|  |TAMS 0x0000000785900000, 0x0000000785900000| Untracked 
|  90|0x0000000785a00000, 0x0000000785a00000, 0x0000000785b00000|  0%| F|  |TAMS 0x0000000785a00000, 0x0000000785a00000| Untracked 
|  91|0x0000000785b00000, 0x0000000785b00000, 0x0000000785c00000|  0%| F|  |TAMS 0x0000000785b00000, 0x0000000785b00000| Untracked 
|  92|0x0000000785c00000, 0x0000000785c26c60, 0x0000000785d00000| 15%| S|CS|TAMS 0x0000000785c00000, 0x0000000785c00000| Complete 
|  93|0x0000000785d00000, 0x0000000785e00000, 0x0000000785e00000|100%| S|CS|TAMS 0x0000000785d00000, 0x0000000785d00000| Complete 
|  94|0x0000000785e00000, 0x0000000785f00000, 0x0000000785f00000|100%| S|CS|TAMS 0x0000000785e00000, 0x0000000785e00000| Complete 
|  95|0x0000000785f00000, 0x0000000786000000, 0x0000000786000000|100%| S|CS|TAMS 0x0000000785f00000, 0x0000000785f00000| Complete 
|  96|0x0000000786000000, 0x0000000786000000, 0x0000000786100000|  0%| F|  |TAMS 0x0000000786000000, 0x0000000786000000| Untracked 
|  97|0x0000000786100000, 0x0000000786100000, 0x0000000786200000|  0%| F|  |TAMS 0x0000000786100000, 0x0000000786100000| Untracked 
|  98|0x0000000786200000, 0x0000000786200000, 0x0000000786300000|  0%| F|  |TAMS 0x0000000786200000, 0x0000000786200000| Untracked 
|  99|0x0000000786300000, 0x0000000786300000, 0x0000000786400000|  0%| F|  |TAMS 0x0000000786300000, 0x0000000786300000| Untracked 
| 100|0x0000000786400000, 0x0000000786400000, 0x0000000786500000|  0%| F|  |TAMS 0x0000000786400000, 0x0000000786400000| Untracked 
| 101|0x0000000786500000, 0x0000000786500000, 0x0000000786600000|  0%| F|  |TAMS 0x0000000786500000, 0x0000000786500000| Untracked 
| 102|0x0000000786600000, 0x0000000786600000, 0x0000000786700000|  0%| F|  |TAMS 0x0000000786600000, 0x0000000786600000| Untracked 
| 103|0x0000000786700000, 0x0000000786700000, 0x0000000786800000|  0%| F|  |TAMS 0x0000000786700000, 0x0000000786700000| Untracked 
| 104|0x0000000786800000, 0x0000000786800000, 0x0000000786900000|  0%| F|  |TAMS 0x0000000786800000, 0x0000000786800000| Untracked 
| 105|0x0000000786900000, 0x0000000786900000, 0x0000000786a00000|  0%| F|  |TAMS 0x0000000786900000, 0x0000000786900000| Untracked 
| 106|0x0000000786a00000, 0x0000000786a00000, 0x0000000786b00000|  0%| F|  |TAMS 0x0000000786a00000, 0x0000000786a00000| Untracked 
| 107|0x0000000786b00000, 0x0000000786c00000, 0x0000000786c00000|100%| E|  |TAMS 0x0000000786b00000, 0x0000000786b00000| Complete 
| 108|0x0000000786c00000, 0x0000000786d00000, 0x0000000786d00000|100%| E|CS|TAMS 0x0000000786c00000, 0x0000000786c00000| Complete 
| 109|0x0000000786d00000, 0x0000000786e00000, 0x0000000786e00000|100%| E|CS|TAMS 0x0000000786d00000, 0x0000000786d00000| Complete 
| 110|0x0000000786e00000, 0x0000000786f00000, 0x0000000786f00000|100%| E|CS|TAMS 0x0000000786e00000, 0x0000000786e00000| Complete 
| 111|0x0000000786f00000, 0x0000000787000000, 0x0000000787000000|100%| E|CS|TAMS 0x0000000786f00000, 0x0000000786f00000| Complete 
| 112|0x0000000787000000, 0x0000000787100000, 0x0000000787100000|100%| E|CS|TAMS 0x0000000787000000, 0x0000000787000000| Complete 
| 113|0x0000000787100000, 0x0000000787200000, 0x0000000787200000|100%| E|CS|TAMS 0x0000000787100000, 0x0000000787100000| Complete 
| 114|0x0000000787200000, 0x0000000787300000, 0x0000000787300000|100%| E|CS|TAMS 0x0000000787200000, 0x0000000787200000| Complete 
| 115|0x0000000787300000, 0x0000000787400000, 0x0000000787400000|100%| E|CS|TAMS 0x0000000787300000, 0x0000000787300000| Complete 
| 116|0x0000000787400000, 0x0000000787500000, 0x0000000787500000|100%| E|CS|TAMS 0x0000000787400000, 0x0000000787400000| Complete 
| 117|0x0000000787500000, 0x0000000787600000, 0x0000000787600000|100%| E|CS|TAMS 0x0000000787500000, 0x0000000787500000| Complete 
| 118|0x0000000787600000, 0x0000000787700000, 0x0000000787700000|100%| E|CS|TAMS 0x0000000787600000, 0x0000000787600000| Complete 
| 119|0x0000000787700000, 0x0000000787800000, 0x0000000787800000|100%| E|CS|TAMS 0x0000000787700000, 0x0000000787700000| Complete 
| 120|0x0000000787800000, 0x0000000787900000, 0x0000000787900000|100%| E|CS|TAMS 0x0000000787800000, 0x0000000787800000| Complete 
| 121|0x0000000787900000, 0x0000000787a00000, 0x0000000787a00000|100%| E|CS|TAMS 0x0000000787900000, 0x0000000787900000| Complete 
| 122|0x0000000787a00000, 0x0000000787b00000, 0x0000000787b00000|100%| E|CS|TAMS 0x0000000787a00000, 0x0000000787a00000| Complete 
| 123|0x0000000787b00000, 0x0000000787c00000, 0x0000000787c00000|100%| E|CS|TAMS 0x0000000787b00000, 0x0000000787b00000| Complete 
| 124|0x0000000787c00000, 0x0000000787d00000, 0x0000000787d00000|100%| E|CS|TAMS 0x0000000787c00000, 0x0000000787c00000| Complete 
| 125|0x0000000787d00000, 0x0000000787e00000, 0x0000000787e00000|100%| E|CS|TAMS 0x0000000787d00000, 0x0000000787d00000| Complete 
| 126|0x0000000787e00000, 0x0000000787f00000, 0x0000000787f00000|100%| E|CS|TAMS 0x0000000787e00000, 0x0000000787e00000| Complete 
| 127|0x0000000787f00000, 0x0000000788000000, 0x0000000788000000|100%| E|CS|TAMS 0x0000000787f00000, 0x0000000787f00000| Complete 

Card table byte_map: [0x00000001036ec000,0x0000000103aec000] _byte_map_base: 0x00000000ffaec000

Marking Bits (Prev, Next): (CMBitMap*) 0x00007fd5fc02d650, (CMBitMap*) 0x00007fd5fc02d618
 Prev Bits: [0x000000011fbc1000, 0x0000000121bc1000)
 Next Bits: [0x000000011dbc1000, 0x000000011fbc1000)

Polling page: 0x000000010305d000

Metaspace:

Usage:
  Non-class:     26,05 MB capacity,    25,47 MB ( 98%) used,   472,01 KB (  2%) free+waste,   130,00 KB ( <1%) overhead. 
      Class:      3,97 MB capacity,     3,49 MB ( 88%) used,   420,73 KB ( 10%) free+waste,    64,50 KB (  2%) overhead. 
       Both:     30,02 MB capacity,    28,96 MB ( 96%) used,   892,74 KB (  3%) free+waste,   194,50 KB ( <1%) overhead. 

Virtual space:
  Non-class space:       28,00 MB reserved,      26,25 MB ( 94%) committed 
      Class space:        1,00 GB reserved,       4,00 MB ( <1%) committed 
             Both:        1,03 GB reserved,      30,25 MB (  3%) committed 

Chunk freelists:
   Non-Class:  32,00 KB
       Class:  1,00 KB
        Both:  33,00 KB

MaxMetaspaceSize: unlimited
CompressedClassSpaceSize: 1,00 GB
Initial GC threshold: 20,80 MB
Current GC threshold: 35,00 MB
CDS: off

CodeHeap 'non-profiled nmethods': size=120032Kb used=2094Kb max_used=2094Kb free=117937Kb
 bounds [0x0000000116689000, 0x00000001168f9000, 0x000000011dbc1000]
CodeHeap 'profiled nmethods': size=120032Kb used=9735Kb max_used=9735Kb free=110296Kb
 bounds [0x000000010f151000, 0x000000010fae1000, 0x0000000116689000]
CodeHeap 'non-nmethods': size=5696Kb used=1456Kb max_used=1512Kb free=4239Kb
 bounds [0x000000010ebc1000, 0x000000010ee31000, 0x000000010f151000]
 total_blobs=5550 nmethods=4746 adapters=715
 compilation: enabled
              stopped_count=0, restarted_count=0
 full_count=0

Compilation events (20 events):
Event: 77,266 Thread 0x00007fd5fe06b000 4764       3       com.sun.javafx.geom.transform.Identity::deriveWithTranslation (52 bytes)
Event: 77,267 Thread 0x00007fd5fe06b000 nmethod 4764 0x000000010faccf90 code [0x000000010facd1a0, 0x000000010facd800]
Event: 77,267 Thread 0x00007fd5fe06b000 4766       3       com.sun.javafx.sg.prism.NGNode::setClipNode (47 bytes)
Event: 77,268 Thread 0x00007fd5fe06b000 nmethod 4766 0x000000010facda90 code [0x000000010facdca0, 0x000000010face350]
Event: 77,268 Thread 0x00007fd5fe06b000 4767       3       com.sun.javafx.sg.prism.NGNode::setCachedAsBitmap (95 bytes)
Event: 77,269 Thread 0x00007fd5fe06b000 nmethod 4767 0x000000010face590 code [0x000000010face820, 0x000000010facf0f0]
Event: 77,269 Thread 0x00007fd5fe06b000 4771       3       com.sun.javafx.sg.prism.NGShape::visualsChanged (26 bytes)
Event: 77,278 Thread 0x00007fd5fe06b000 nmethod 4771 0x000000010facf310 code [0x000000010facf520, 0x000000010facf9e0]
Event: 77,278 Thread 0x00007fd5fe06b000 4769       3       com.sun.javafx.sg.prism.NGNode::setParent (11 bytes)
Event: 77,278 Thread 0x00007fd5fe06b000 nmethod 4769 0x000000010facfb90 code [0x000000010facfd40, 0x000000010facfe90]
Event: 77,278 Thread 0x00007fd5fe06b000 4773       3       com.sun.javafx.sg.prism.NGNode::<init> (102 bytes)
Event: 77,279 Thread 0x00007fd5fe06b000 nmethod 4773 0x000000010facff10 code [0x000000010fad0140, 0x000000010fad09d0]
Event: 77,279 Thread 0x00007fd5fe06b000 4774       3       com.sun.javafx.sg.prism.NGNode::markTreeDirtyNoIncrement (32 bytes)
Event: 77,280 Thread 0x00007fd5fe06b000 nmethod 4774 0x000000010fad0c10 code [0x000000010fad0de0, 0x000000010fad0fe0]
Event: 77,280 Thread 0x00007fd5fe06b000 4765       3       com.sun.javafx.sg.prism.NGNode::setParent (7 bytes)
Event: 77,280 Thread 0x00007fd5fe06b000 nmethod 4765 0x000000010fad1090 code [0x000000010fad1240, 0x000000010fad13f0]
Event: 77,281 Thread 0x00007fd5fe06b000 4770       3       com.sun.javafx.sg.prism.NGGroup::add (83 bytes)
Event: 77,283 Thread 0x00007fd5fe06b000 nmethod 4770 0x000000010fad1490 code [0x000000010fad1760, 0x000000010fad26b0]
Event: 77,283 Thread 0x00007fd5fe06b000 4762       3       javafx.scene.control.SkinBase::snappedTopInset (8 bytes)
Event: 77,283 Thread 0x00007fd5fe06b000 nmethod 4762 0x000000010fad2b10 code [0x000000010fad2cc0, 0x000000010fad2df0]

GC Heap History (8 events):
Event: 2,456 GC heap before
{Heap before GC invocations=0 (full 0):
 garbage-first heap   total 131072K, used 13312K [0x0000000780000000, 0x0000000800000000)
  region size 1024K, 14 young (14336K), 0 survivors (0K)
 Metaspace       used 10069K, capacity 10342K, committed 10624K, reserved 1058816K
  class space    used 1009K, capacity 1134K, committed 1152K, reserved 1048576K
}
Event: 2,462 GC heap after
{Heap after GC invocations=1 (full 0):
 garbage-first heap   total 131072K, used 2764K [0x0000000780000000, 0x0000000800000000)
  region size 1024K, 2 young (2048K), 2 survivors (2048K)
 Metaspace       used 10069K, capacity 10342K, committed 10624K, reserved 1058816K
  class space    used 1009K, capacity 1134K, committed 1152K, reserved 1048576K
}
Event: 3,088 GC heap before
{Heap before GC invocations=1 (full 0):
 garbage-first heap   total 131072K, used 14028K [0x0000000780000000, 0x0000000800000000)
  region size 1024K, 13 young (13312K), 2 survivors (2048K)
 Metaspace       used 14136K, capacity 14507K, committed 14848K, reserved 1062912K
  class space    used 1511K, capacity 1671K, committed 1792K, reserved 1048576K
}
Event: 3,113 GC heap after
{Heap after GC invocations=2 (full 0):
 garbage-first heap   total 131072K, used 5108K [0x0000000780000000, 0x0000000800000000)
  region size 1024K, 2 young (2048K), 2 survivors (2048K)
 Metaspace       used 14136K, capacity 14507K, committed 14848K, reserved 1062912K
  class space    used 1511K, capacity 1671K, committed 1792K, reserved 1048576K
}
Event: 7,174 GC heap before
{Heap before GC invocations=2 (full 0):
 garbage-first heap   total 131072K, used 25588K [0x0000000780000000, 0x0000000800000000)
  region size 1024K, 21 young (21504K), 2 survivors (2048K)
 Metaspace       used 20414K, capacity 21070K, committed 21248K, reserved 1067008K
  class space    used 2395K, capacity 2697K, committed 2816K, reserved 1048576K
}
Event: 7,184 GC heap after
{Heap after GC invocations=3 (full 0):
 garbage-first heap   total 131072K, used 9458K [0x0000000780000000, 0x0000000800000000)
  region size 1024K, 4 young (4096K), 4 survivors (4096K)
 Metaspace       used 20414K, capacity 21070K, committed 21248K, reserved 1067008K
  class space    used 2395K, capacity 2697K, committed 2816K, reserved 1048576K
}
Event: 34,033 GC heap before
{Heap before GC invocations=4 (full 0):
 garbage-first heap   total 131072K, used 38130K [0x0000000780000000, 0x0000000800000000)
  region size 1024K, 32 young (32768K), 4 survivors (4096K)
 Metaspace       used 28662K, capacity 29739K, committed 29952K, reserved 1075200K
  class space    used 3561K, capacity 4046K, committed 4096K, reserved 1048576K
}
Event: 34,108 GC heap after
{Heap after GC invocations=5 (full 0):
 garbage-first heap   total 131072K, used 12703K [0x0000000780000000, 0x0000000800000000)
  region size 1024K, 4 young (4096K), 4 survivors (4096K)
 Metaspace       used 28662K, capacity 29739K, committed 29952K, reserved 1075200K
  class space    used 3561K, capacity 4046K, committed 4096K, reserved 1048576K
}

Deoptimization events (20 events):
Event: 77,120 Thread 0x00007fd5fe2a3800 DEOPT PACKING pc=0x000000010f6ea440 sp=0x00007ff7bcfda700
Event: 77,120 Thread 0x00007fd5fe2a3800 DEOPT UNPACKING pc=0x000000010ec0b64a sp=0x00007ff7bcfd9c10 mode 0
Event: 77,123 Thread 0x00007fd5fe2a3800 Uncommon trap: trap_request=0xffffffd6 fr.pc=0x000000011688e270 relative=0x0000000000000310
Event: 77,123 Thread 0x00007fd5fe2a3800 Uncommon trap: reason=array_check action=maybe_recompile pc=0x000000011688e270 method=javafx.css.CompoundSelector.applies(Ljavafx/css/Styleable;[Ljava/util/Set;I)Z @ 128 c2
Event: 77,123 Thread 0x00007fd5fe2a3800 DEOPT PACKING pc=0x000000011688e270 sp=0x00007ff7bcfd9a80
Event: 77,123 Thread 0x00007fd5fe2a3800 DEOPT UNPACKING pc=0x000000010ec0aea5 sp=0x00007ff7bcfd9a08 mode 2
Event: 77,123 Thread 0x00007fd5fe2a3800 Uncommon trap: trap_request=0xffffffd6 fr.pc=0x000000011688e270 relative=0x0000000000000310
Event: 77,123 Thread 0x00007fd5fe2a3800 Uncommon trap: reason=array_check action=maybe_recompile pc=0x000000011688e270 method=javafx.css.CompoundSelector.applies(Ljavafx/css/Styleable;[Ljava/util/Set;I)Z @ 128 c2
Event: 77,123 Thread 0x00007fd5fe2a3800 DEOPT PACKING pc=0x000000011688e270 sp=0x00007ff7bcfd9a80
Event: 77,123 Thread 0x00007fd5fe2a3800 DEOPT UNPACKING pc=0x000000010ec0aea5 sp=0x00007ff7bcfd9a08 mode 2
Event: 77,123 Thread 0x00007fd5fe2a3800 Uncommon trap: trap_request=0xffffffd6 fr.pc=0x000000011688e270 relative=0x0000000000000310
Event: 77,123 Thread 0x00007fd5fe2a3800 Uncommon trap: reason=array_check action=maybe_recompile pc=0x000000011688e270 method=javafx.css.CompoundSelector.applies(Ljavafx/css/Styleable;[Ljava/util/Set;I)Z @ 128 c2
Event: 77,123 Thread 0x00007fd5fe2a3800 DEOPT PACKING pc=0x000000011688e270 sp=0x00007ff7bcfd9a80
Event: 77,123 Thread 0x00007fd5fe2a3800 DEOPT UNPACKING pc=0x000000010ec0aea5 sp=0x00007ff7bcfd9a08 mode 2
Event: 77,123 Thread 0x00007fd5fe2a3800 Uncommon trap: trap_request=0xffffffd6 fr.pc=0x000000011688e270 relative=0x0000000000000310
Event: 77,123 Thread 0x00007fd5fe2a3800 Uncommon trap: reason=array_check action=maybe_recompile pc=0x000000011688e270 method=javafx.css.CompoundSelector.applies(Ljavafx/css/Styleable;[Ljava/util/Set;I)Z @ 128 c2
Event: 77,123 Thread 0x00007fd5fe2a3800 DEOPT PACKING pc=0x000000011688e270 sp=0x00007ff7bcfd9a80
Event: 77,123 Thread 0x00007fd5fe2a3800 DEOPT UNPACKING pc=0x000000010ec0aea5 sp=0x00007ff7bcfd9a08 mode 2
Event: 77,152 Thread 0x00007fd5fe2a3800 DEOPT PACKING pc=0x000000010f6ea440 sp=0x00007ff7bcfd9a70
Event: 77,152 Thread 0x00007fd5fe2a3800 DEOPT UNPACKING pc=0x000000010ec0b64a sp=0x00007ff7bcfd8f80 mode 0

Classes redefined (0 events):
No events

Internal exceptions (20 events):
Event: 2,843 Thread 0x00007fd5fe2a3800 Exception <a 'java/lang/NoSuchMethodError'{0x00000007879d38c0}: 'java.lang.Object java.lang.invoke.Invokers$Holder.linkToTargetMethod(java.lang.Object, int, java.lang.Object, java.lang.Object)'> (0x00000007879d38c0) thrown at [./src/hotspot/share/interpreter/linkResolver.cpp, line 773]
Event: 3,318 Thread 0x00007fd5fe2a3800 Exception <a 'java/lang/NoSuchMethodError'{0x0000000787d13710}: 'void java.lang.invoke.DirectMethodHandle$Holder.invokeStaticInit(java.lang.Object, java.lang.Object)'> (0x0000000787d13710) thrown at [./src/hotspot/share/interpreter/linkResolver.cpp, line 773]
Event: 3,563 Thread 0x00007fd5fe2a3800 Implicit null exception at 0x00000001166e0495 to 0x00000001166e089c
Event: 3,599 Thread 0x00007fd5fe2a3800 Implicit null exception at 0x00000001166dceaf to 0x00000001166dcf29
Event: 4,211 Thread 0x00007fd5fe2a3800 Exception <a 'java/lang/NoSuchMethodError'{0x00000007876f7e50}: 'java.lang.Object java.lang.invoke.Invokers$Holder.linkToTargetMethod(java.lang.Object, int, java.lang.Object)'> (0x00000007876f7e50) thrown at [./src/hotspot/share/interpreter/linkResolver.cpp, line 773]
Event: 4,246 Thread 0x00007fd5fe2a3800 Exception <a 'java/lang/NoSuchMethodError'{0x00000007875a7940}: 'java.lang.Object java.lang.invoke.DirectMethodHandle$Holder.invokeInterface(java.lang.Object, java.lang.Object, java.lang.Object)'> (0x00000007875a7940) thrown at [./src/hotspot/share/interpreter/linkResolver.cpp, line 773]
Event: 4,246 Thread 0x00007fd5fe2a3800 Exception <a 'java/lang/IncompatibleClassChangeError'{0x00000007875aaaf8}: Found class java.lang.Object, but interface was expected> (0x00000007875aaaf8) thrown at [./src/hotspot/share/interpreter/linkResolver.cpp, line 839]
Event: 4,539 Thread 0x00007fd5fe196000 Exception <a 'java/lang/NoSuchMethodError'{0x00000007870b16c0}: 'int java.lang.invoke.DirectMethodHandle$Holder.invokeStaticInit(java.lang.Object, java.lang.Object)'> (0x00000007870b16c0) thrown at [./src/hotspot/share/interpreter/linkResolver.cpp, line 773]
Event: 5,011 Thread 0x00007fd5fe2a3800 Exception <a 'java/lang/NoSuchMethodError'{0x00000007870452d0}: 'java.lang.Object java.lang.invoke.DirectMethodHandle$Holder.invokeStatic(java.lang.Object, java.lang.Object, long, int, int, int)'> (0x00000007870452d0) thrown at [./src/hotspot/share/interpreter/linkResolver.cpp, line 773]
Event: 5,015 Thread 0x00007fd5fe2a3800 Exception <a 'java/lang/NoSuchMethodError'{0x0000000787058f38}: 'java.lang.Object java.lang.invoke.DirectMethodHandle$Holder.invokeStatic(java.lang.Object, java.lang.Object, int, java.lang.Object, long, int, int, int, int)'> (0x0000000787058f38) thrown at [./src/hotspot/share/interpreter/linkResolver.cpp, line 773]
Event: 7,071 Thread 0x00007fd5fe2a3800 Exception <a 'java/lang/NoSuchMethodError'{0x0000000786cfaf40}: 'long java.lang.invoke.DirectMethodHandle$Holder.invokeStaticInit(java.lang.Object, java.lang.Object, java.lang.Object)'> (0x0000000786cfaf40) thrown at [./src/hotspot/share/interpreter/linkResolver.cpp, line 773]
Event: 7,075 Thread 0x00007fd5fe2a3800 Exception <a 'java/lang/NoSuchMethodError'{0x0000000786b13a40}: 'java.lang.Object java.lang.invoke.DirectMethodHandle$Holder.invokeStatic(java.lang.Object, java.lang.Object, long)'> (0x0000000786b13a40) thrown at [./src/hotspot/share/interpreter/linkResolver.cpp, line 773]
Event: 7,076 Thread 0x00007fd5fe2a3800 Exception <a 'java/lang/NoSuchMethodError'{0x0000000786b19bb8}: 'java.lang.Object java.lang.invoke.Invokers$Holder.linkToTargetMethod(java.lang.Object, long, java.lang.Object)'> (0x0000000786b19bb8) thrown at [./src/hotspot/share/interpreter/linkResolver.cpp, line 773]
Event: 7,238 Thread 0x00007fd5fe2a3800 Exception <a 'java/lang/NoSuchMethodError'{0x0000000787e51ce0}: 'void java.lang.invoke.DirectMethodHandle$Holder.invokeSpecial(java.lang.Object, java.lang.Object, java.lang.Object, java.lang.Object)'> (0x0000000787e51ce0) thrown at [./src/hotspot/share/interpreter/linkResolver.cpp, line 773]
Event: 7,493 Thread 0x00007fd5fe2a3800 Exception <a 'java/lang/NoSuchMethodError'{0x0000000787ba6a38}: 'java.lang.Object java.lang.invoke.DirectMethodHandle$Holder.invokeStaticInit(java.lang.Object, java.lang.Object, java.lang.Object)'> (0x0000000787ba6a38) thrown at [./src/hotspot/share/interpreter/linkResolver.cpp, line 773]
Event: 8,042 Thread 0x00007fd5fe2a3800 Exception <a 'java/lang/NoSuchMethodError'{0x0000000787218f10}: 'void java.lang.invoke.DirectMethodHandle$Holder.invokeSpecial(java.lang.Object, java.lang.Object, java.lang.Object, java.lang.Object, java.lang.Object, java.lang.Object)'> (0x0000000787218f10) thrown at [./src/hotspot/share/interpreter/linkResolver.cpp, line 773]
Event: 8,248 Thread 0x00007fd5fe2a3800 Exception <a 'java/lang/NoSuchMethodError'{0x0000000786f09ef0}: 'void java.lang.invoke.DirectMethodHandle$Holder.invokeSpecialIFC(java.lang.Object, java.lang.Object, java.lang.Object, java.lang.Object)'> (0x0000000786f09ef0) thrown at [./src/hotspot/share/interpreter/linkResolver.cpp, line 773]
Event: 23,357 Thread 0x00007fd5fe2a3800 Implicit null exception at 0x000000011677ba1c to 0x000000011677bfd3
Event: 23,380 Thread 0x00007fd5fe2a3800 Implicit null exception at 0x00000001167aa36f to 0x00000001167aab0c
Event: 23,429 Thread 0x00007fd5fe196000 Exception <a 'java/lang/NoSuchMethodError'{0x000000078668fa68}: 'java.lang.Object java.lang.invoke.DirectMethodHandle$Holder.invokeStaticInit(java.lang.Object, int)'> (0x000000078668fa68) thrown at [./src/hotspot/share/interpreter/linkResolver.cpp, line 773]

Events (20 events):
Event: 77,063 loading class java/lang/ListView
Event: 77,063 loading class java/lang/ListView done
Event: 77,063 loading class javafx/geometry/ListView
Event: 77,063 loading class javafx/geometry/ListView done
Event: 77,064 loading class br/edu/femass/model/Pet
Event: 77,064 loading class br/edu/femass/model/Pet done
Event: 77,069 loading class java/lang/TextField
Event: 77,069 loading class java/lang/TextField done
Event: 77,069 loading class javafx/geometry/TextField
Event: 77,069 loading class javafx/geometry/TextField done
Event: 77,074 loading class java/lang/ComboBox
Event: 77,074 loading class java/lang/ComboBox done
Event: 77,074 loading class javafx/geometry/ComboBox
Event: 77,074 loading class javafx/geometry/ComboBox done
Event: 77,102 loading class br/edu/femass/model/TipoPet
Event: 77,102 loading class br/edu/femass/model/TipoPet done
Event: 77,103 loading class org/postgresql/jdbc/TimestampUtils$ParsedTimestamp
Event: 77,103 loading class org/postgresql/jdbc/TimestampUtils$ParsedTimestamp done
Event: 77,286 Executing VM operation: RevokeBias
Event: 77,286 Executing VM operation: RevokeBias done


Dynamic libraries:
0x000000010303e000 	/Library/Java/JavaVirtualMachines/temurin-11.jdk/Contents/Home/lib/jli/libjli.dylib
0x00007ff81e3d1000 	/System/Library/Frameworks/Cocoa.framework/Versions/A/Cocoa
0x00007ff80a20f000 	/System/Library/Frameworks/AppKit.framework/Versions/C/AppKit
0x00007ff80d6fc000 	/System/Library/Frameworks/CoreData.framework/Versions/A/CoreData
0x00007ff80862a000 	/System/Library/Frameworks/Foundation.framework/Versions/C/Foundation
0x00007ff812571000 	/usr/lib/libSystem.B.dylib
0x00007ff80b09c000 	/System/Library/PrivateFrameworks/UIFoundation.framework/Versions/A/UIFoundation
0x00007ff8183a9000 	/System/Library/PrivateFrameworks/RemoteViewServices.framework/Versions/A/RemoteViewServices
0x00007ff81071d000 	/System/Library/PrivateFrameworks/XCTTargetBootstrap.framework/Versions/A/XCTTargetBootstrap
0x00007ff814380000 	/System/Library/PrivateFrameworks/InternationalSupport.framework/Versions/A/InternationalSupport
0x00007ff81440a000 	/System/Library/PrivateFrameworks/UserActivity.framework/Versions/A/UserActivity
0x00007ff813760000 	/usr/lib/libspindump.dylib
0x00007ff80b32a000 	/System/Library/Frameworks/UniformTypeIdentifiers.framework/Versions/A/UniformTypeIdentifiers
0x00007ff80ee5c000 	/usr/lib/libapp_launch_measurement.dylib
0x00007ff80e0c6000 	/System/Library/PrivateFrameworks/CoreAnalytics.framework/Versions/A/CoreAnalytics
0x00007ff80ee5f000 	/System/Library/PrivateFrameworks/CoreAutoLayout.framework/Versions/A/CoreAutoLayout
0x00007ff81007e000 	/System/Library/Frameworks/Metal.framework/Versions/A/Metal
0x00007ff810d93000 	/usr/lib/liblangid.dylib
0x00007ff810721000 	/System/Library/PrivateFrameworks/CoreSVG.framework/Versions/A/CoreSVG
0x00007ff80c6ec000 	/System/Library/PrivateFrameworks/SkyLight.framework/Versions/A/SkyLight
0x00007ff80ca7d000 	/System/Library/Frameworks/CoreGraphics.framework/Versions/A/CoreGraphics
0x00007ff818a14000 	/System/Library/Frameworks/Accelerate.framework/Versions/A/Accelerate
0x00007ff8131db000 	/System/Library/PrivateFrameworks/IconServices.framework/Versions/A/IconServices
0x00007ff810063000 	/System/Library/Frameworks/IOSurface.framework/Versions/A/IOSurface
0x00007ff80e0f4000 	/usr/lib/libDiagnosticMessagesClient.dylib
0x00007ff812491000 	/usr/lib/libz.1.dylib
0x00007ff81c073000 	/System/Library/Frameworks/ApplicationServices.framework/Versions/A/ApplicationServices
0x00007ff810709000 	/System/Library/PrivateFrameworks/DFRFoundation.framework/Versions/A/DFRFoundation
0x00007ff809b00000 	/usr/lib/libicucore.A.dylib
0x00007ff8150a2000 	/System/Library/Frameworks/AudioToolbox.framework/Versions/A/AudioToolbox
0x00007ff81438c000 	/System/Library/PrivateFrameworks/DataDetectorsCore.framework/Versions/A/DataDetectorsCore
0x00007ff90fbd2000 	/System/Library/PrivateFrameworks/TextInput.framework/Versions/A/TextInput
0x00007ff80c66f000 	/usr/lib/libMobileGestalt.dylib
0x00007ff810411000 	/System/Library/Frameworks/Carbon.framework/Versions/A/Frameworks/HIToolbox.framework/Versions/A/HIToolbox
0x00007ff80e88a000 	/System/Library/Frameworks/QuartzCore.framework/Versions/A/QuartzCore
0x00007ff8097a1000 	/System/Library/Frameworks/Security.framework/Versions/A/Security
0x00007ff8183e1000 	/System/Library/Frameworks/Carbon.framework/Versions/A/Frameworks/SpeechRecognition.framework/Versions/A/SpeechRecognition
0x00007ff80ebbc000 	/System/Library/PrivateFrameworks/CoreUI.framework/Versions/A/CoreUI
0x00007ff80907b000 	/System/Library/Frameworks/CoreAudio.framework/Versions/A/CoreAudio
0x00007ff80e1e2000 	/System/Library/Frameworks/DiskArbitration.framework/Versions/A/DiskArbitration
0x00007ff813b47000 	/System/Library/PrivateFrameworks/MultitouchSupport.framework/Versions/A/MultitouchSupport
0x00007ff80c66e000 	/usr/lib/libenergytrace.dylib
0x00007ff80a0fb000 	/System/Library/Frameworks/IOKit.framework/Versions/A/IOKit
0x00007ff8187cb000 	/System/Library/Frameworks/CoreServices.framework/Versions/A/CoreServices
0x00007ff80edf6000 	/System/Library/PrivateFrameworks/PerformanceAnalysis.framework/Versions/A/PerformanceAnalysis
0x00007ffa1f193000 	/System/Library/Frameworks/OpenGL.framework/Versions/A/OpenGL
0x00007ff811ac9000 	/System/Library/PrivateFrameworks/MobileKeyBag.framework/Versions/A/MobileKeyBag
0x00007ff8075eb000 	/usr/lib/libobjc.A.dylib
0x00007ff80d149000 	/System/Library/Frameworks/ColorSync.framework/Versions/A/ColorSync
0x00007ff8077a4000 	/System/Library/Frameworks/CoreFoundation.framework/Versions/A/CoreFoundation
0x00007ff81099a000 	/System/Library/Frameworks/CoreImage.framework/Versions/A/CoreImage
0x00007ff808e91000 	/System/Library/Frameworks/CoreText.framework/Versions/A/CoreText
0x00007ff810750000 	/System/Library/Frameworks/ImageIO.framework/Versions/A/ImageIO
0x00007ff812577000 	/System/Library/PrivateFrameworks/SoftLinking.framework/Versions/A/SoftLinking
0x00007ff80eea7000 	/usr/lib/libxml2.2.dylib
0x00007ff8076b1000 	/usr/lib/libc++.1.dylib
0x00007ff8127fa000 	/usr/lib/libcompression.dylib
0x00007ff8142b6000 	/System/Library/PrivateFrameworks/TextureIO.framework/Versions/A/TextureIO
0x00007ff812eed000 	/usr/lib/libate.dylib
0x00007ff81256c000 	/usr/lib/system/libcache.dylib
0x00007ff812528000 	/usr/lib/system/libcommonCrypto.dylib
0x00007ff812551000 	/usr/lib/system/libcompiler_rt.dylib
0x00007ff812547000 	/usr/lib/system/libcopyfile.dylib
0x00007ff8074e5000 	/usr/lib/system/libcorecrypto.dylib
0x00007ff8075a4000 	/usr/lib/system/libdispatch.dylib
0x00007ff807763000 	/usr/lib/system/libdyld.dylib
0x00007ff812563000 	/usr/lib/system/libkeymgr.dylib
0x00007ff812506000 	/usr/lib/system/libmacho.dylib
0x00007ff811b9d000 	/usr/lib/system/libquarantine.dylib
0x00007ff812561000 	/usr/lib/system/libremovefile.dylib
0x00007ff80c6bb000 	/usr/lib/system/libsystem_asl.dylib
0x00007ff807493000 	/usr/lib/system/libsystem_blocks.dylib
0x00007ff807628000 	/usr/lib/system/libsystem_c.dylib
0x00007ff812559000 	/usr/lib/system/libsystem_collections.dylib
0x00007ff810d84000 	/usr/lib/system/libsystem_configuration.dylib
0x00007ff810046000 	/usr/lib/system/libsystem_containermanager.dylib
0x00007ff812245000 	/usr/lib/system/libsystem_coreservices.dylib
0x00007ff809d89000 	/usr/lib/system/libsystem_darwin.dylib
0x00007ff812564000 	/usr/lib/system/libsystem_dnssd.dylib
0x00007ff807625000 	/usr/lib/system/libsystem_featureflags.dylib
0x00007ff807779000 	/usr/lib/system/libsystem_info.dylib
0x00007ff8124a4000 	/usr/lib/system/libsystem_m.dylib
0x00007ff807578000 	/usr/lib/system/libsystem_malloc.dylib
0x00007ff80c658000 	/usr/lib/system/libsystem_networkextension.dylib
0x00007ff80a1b1000 	/usr/lib/system/libsystem_notify.dylib
0x00007ff8186a2000 	/usr/lib/system/libsystem_product_info_filter.dylib
0x00007ff810d88000 	/usr/lib/system/libsystem_sandbox.dylib
0x00007ff81255e000 	/usr/lib/system/libsystem_secinit.dylib
0x00007ff807720000 	/usr/lib/system/libsystem_kernel.dylib
0x00007ff80776f000 	/usr/lib/system/libsystem_platform.dylib
0x00007ff807757000 	/usr/lib/system/libsystem_pthread.dylib
0x00007ff80df0c000 	/usr/lib/system/libsystem_symptoms.dylib
0x00007ff8074cc000 	/usr/lib/system/libsystem_trace.dylib
0x00007ff812534000 	/usr/lib/system/libunwind.dylib
0x00007ff807495000 	/usr/lib/system/libxpc.dylib
0x00007ff80770a000 	/usr/lib/libc++abi.dylib
0x00007ff81253f000 	/usr/lib/liboah.dylib
0x00007ff812ccb000 	/usr/lib/liblzma.5.dylib
0x00007ff80833b000 	/System/Library/Frameworks/SystemConfiguration.framework/Versions/A/SystemConfiguration
0x00007ff812573000 	/usr/lib/libfakelink.dylib
0x00007ff80c1c2000 	/System/Library/Frameworks/CFNetwork.framework/Versions/A/CFNetwork
0x00007ff8126b2000 	/usr/lib/libarchive.2.dylib
0x00007ff810d8f000 	/System/Library/PrivateFrameworks/AppleSystemInfo.framework/Versions/A/AppleSystemInfo
0x00007ff811bc3000 	/usr/lib/libbsm.0.dylib
0x00007ff80b7f9000 	/usr/lib/libnetwork.dylib
0x00007ff81250c000 	/usr/lib/system/libkxld.dylib
0x00007ff8117f2000 	/System/Library/PrivateFrameworks/IOMobileFramebuffer.framework/Versions/A/IOMobileFramebuffer
0x00007ffb1cc7c000 	/usr/lib/libCoreEntitlements.dylib
0x00007ff812227000 	/System/Library/PrivateFrameworks/AppleFSCompression.framework/Versions/A/AppleFSCompression
0x00007ff811bac000 	/usr/lib/libcoretls.dylib
0x00007ff812ce5000 	/usr/lib/libcoretls_cfhelpers.dylib
0x00007ff8127f5000 	/usr/lib/libpam.2.dylib
0x00007ff80db2e000 	/usr/lib/libsqlite3.dylib
0x00007ff812d54000 	/usr/lib/libxar.1.dylib
0x00007ff812237000 	/usr/lib/libbz2.1.0.dylib
0x00007ff812578000 	/usr/lib/libpcap.A.dylib
0x00007ff80df03000 	/usr/lib/libdns_services.dylib
0x00007ff8127c4000 	/usr/lib/libapple_nghttp2.dylib
0x00007ff8125af000 	/usr/lib/libiconv.2.dylib
0x00007ff812505000 	/usr/lib/libcharset.1.dylib
0x00007ff80ee2a000 	/System/Library/Frameworks/CoreServices.framework/Versions/A/Frameworks/FSEvents.framework/Versions/A/FSEvents
0x00007ff809d93000 	/System/Library/Frameworks/CoreServices.framework/Versions/A/Frameworks/CarbonCore.framework/Versions/A/CarbonCore
0x00007ff80e147000 	/System/Library/Frameworks/CoreServices.framework/Versions/A/Frameworks/Metadata.framework/Versions/A/Metadata
0x00007ff81224a000 	/System/Library/Frameworks/CoreServices.framework/Versions/A/Frameworks/OSServices.framework/Versions/A/OSServices
0x00007ff812738000 	/System/Library/Frameworks/CoreServices.framework/Versions/A/Frameworks/SearchKit.framework/Versions/A/SearchKit
0x00007ff80de95000 	/System/Library/Frameworks/CoreServices.framework/Versions/A/Frameworks/AE.framework/Versions/A/AE
0x00007ff807ca7000 	/System/Library/Frameworks/CoreServices.framework/Versions/A/Frameworks/LaunchServices.framework/Versions/A/LaunchServices
0x00007ff812c7c000 	/System/Library/Frameworks/CoreServices.framework/Versions/A/Frameworks/DictionaryServices.framework/Versions/A/DictionaryServices
0x00007ff80ee37000 	/System/Library/Frameworks/CoreServices.framework/Versions/A/Frameworks/SharedFileList.framework/Versions/A/SharedFileList
0x00007ff811ba0000 	/usr/lib/libCheckFix.dylib
0x00007ff80c6d2000 	/System/Library/PrivateFrameworks/TCC.framework/Versions/A/TCC
0x00007ff810d95000 	/System/Library/PrivateFrameworks/CoreNLP.framework/Versions/A/CoreNLP
0x00007ff80e0f7000 	/System/Library/PrivateFrameworks/MetadataUtilities.framework/Versions/A/MetadataUtilities
0x00007ff8083eb000 	/usr/lib/libmecabra.dylib
0x00007ff811bd3000 	/usr/lib/libmecab.dylib
0x00007ff8083b6000 	/usr/lib/libCRFSuite.dylib
0x00007ff811c30000 	/usr/lib/libgermantok.dylib
0x00007ff81279f000 	/usr/lib/libThaiTokenizer.dylib
0x00007ff80e1e9000 	/System/Library/Frameworks/Accelerate.framework/Versions/A/Frameworks/vImage.framework/Versions/A/vImage
0x00007ff8187a2000 	/System/Library/Frameworks/Accelerate.framework/Versions/A/Frameworks/vecLib.framework/Versions/A/vecLib
0x00007ff812d95000 	/System/Library/Frameworks/Accelerate.framework/Versions/A/Frameworks/vecLib.framework/Versions/A/libvMisc.dylib
0x00007ff811610000 	/System/Library/Frameworks/Accelerate.framework/Versions/A/Frameworks/vecLib.framework/Versions/A/libvDSP.dylib
0x00007ff80801f000 	/System/Library/Frameworks/Accelerate.framework/Versions/A/Frameworks/vecLib.framework/Versions/A/libBLAS.dylib
0x00007ff8128d6000 	/System/Library/Frameworks/Accelerate.framework/Versions/A/Frameworks/vecLib.framework/Versions/A/libLAPACK.dylib
0x00007ff811c33000 	/System/Library/Frameworks/Accelerate.framework/Versions/A/Frameworks/vecLib.framework/Versions/A/libLinearAlgebra.dylib
0x00007ff8127dd000 	/System/Library/Frameworks/Accelerate.framework/Versions/A/Frameworks/vecLib.framework/Versions/A/libSparseBLAS.dylib
0x00007ff8128d0000 	/System/Library/Frameworks/Accelerate.framework/Versions/A/Frameworks/vecLib.framework/Versions/A/libQuadrature.dylib
0x00007ff810e7f000 	/System/Library/Frameworks/Accelerate.framework/Versions/A/Frameworks/vecLib.framework/Versions/A/libBNNS.dylib
0x00007ff8082cc000 	/System/Library/Frameworks/Accelerate.framework/Versions/A/Frameworks/vecLib.framework/Versions/A/libSparse.dylib
0x00007ff810e78000 	/System/Library/PrivateFrameworks/LinguisticData.framework/Versions/A/LinguisticData
0x00007ff808281000 	/System/Library/PrivateFrameworks/Lexicon.framework/Versions/A/Lexicon
0x00007ff812d8e000 	/usr/lib/libChineseTokenizer.dylib
0x00007ff8089e5000 	/System/Library/PrivateFrameworks/LanguageModeling.framework/Versions/A/LanguageModeling
0x00007ff8127a1000 	/System/Library/PrivateFrameworks/AppleSauce.framework/Versions/A/AppleSauce
0x00007ff8117e0000 	/System/Library/PrivateFrameworks/CoreEmoji.framework/Versions/A/CoreEmoji
0x00007ff8126a1000 	/usr/lib/libcmph.dylib
0x00007ff80ee0e000 	/System/Library/Frameworks/OpenDirectory.framework/Versions/A/Frameworks/CFOpenDirectory.framework/Versions/A/CFOpenDirectory
0x00007ff80ee02000 	/System/Library/Frameworks/OpenDirectory.framework/Versions/A/OpenDirectory
0x00007ff812ce7000 	/System/Library/PrivateFrameworks/APFS.framework/Versions/A/APFS
0x00007ff811b01000 	/System/Library/Frameworks/SecurityFoundation.framework/Versions/A/SecurityFoundation
0x00007ff812d62000 	/usr/lib/libutil.dylib
0x00007ff80a0be000 	/System/Library/PrivateFrameworks/CoreServicesStore.framework/Versions/A/CoreServicesStore
0x00007ff812d66000 	/usr/lib/libxslt.1.dylib
0x00007ff811b8e000 	/System/Library/PrivateFrameworks/BackgroundTaskManagement.framework/Versions/A/BackgroundTaskManagement
0x00007ff8141d6000 	/System/Library/Frameworks/ImageIO.framework/Versions/A/Resources/libRadiance.dylib
0x00007ff8141df000 	/System/Library/Frameworks/ImageIO.framework/Versions/A/Resources/libJPEG.dylib
0x00007ff81412f000 	/System/Library/Frameworks/ImageIO.framework/Versions/A/Resources/libPng.dylib
0x00007ff814150000 	/System/Library/Frameworks/ImageIO.framework/Versions/A/Resources/libTIFF.dylib
0x00007ff81423f000 	/System/Library/Frameworks/ImageIO.framework/Versions/A/Resources/libGIF.dylib
0x00007ff813a60000 	/System/Library/Frameworks/ImageIO.framework/Versions/A/Resources/libJP2.dylib
0x00007ff8131a2000 	/usr/lib/libexpat.1.dylib
0x00007ff813a15000 	/System/Library/PrivateFrameworks/AppleJPEG.framework/Versions/A/AppleJPEG
0x00007ff8102d8000 	/System/Library/PrivateFrameworks/FontServices.framework/libFontParser.dylib
0x00007ff80de3f000 	/System/Library/PrivateFrameworks/RunningBoardServices.framework/Versions/A/RunningBoardServices
0x00007ff81e942000 	/System/Library/PrivateFrameworks/IOSurfaceAccelerator.framework/Versions/A/IOSurfaceAccelerator
0x00007ff813b43000 	/System/Library/PrivateFrameworks/WatchdogClient.framework/Versions/A/WatchdogClient
0x00007ff808ad4000 	/System/Library/Frameworks/CoreDisplay.framework/Versions/A/CoreDisplay
0x00007ff8101d8000 	/System/Library/Frameworks/CoreMedia.framework/Versions/A/CoreMedia
0x00007ff810075000 	/System/Library/PrivateFrameworks/IOAccelerator.framework/Versions/A/IOAccelerator
0x00007ff80ef8a000 	/System/Library/Frameworks/CoreVideo.framework/Versions/A/CoreVideo
0x00007ff8127f3000 	/System/Library/Frameworks/MetalPerformanceShaders.framework/Versions/A/MetalPerformanceShaders
0x00007ff813b7e000 	/System/Library/Frameworks/VideoToolbox.framework/Versions/A/VideoToolbox
0x00007ff80dd87000 	/System/Library/PrivateFrameworks/BaseBoard.framework/Versions/A/BaseBoard
0x00007ff80db14000 	/System/Library/PrivateFrameworks/ProtocolBuffer.framework/Versions/A/ProtocolBuffer
0x00007ff8141cf000 	/System/Library/PrivateFrameworks/GPUWrangler.framework/Versions/A/GPUWrangler
0x00007ff8141b2000 	/System/Library/PrivateFrameworks/IOPresentment.framework/Versions/A/IOPresentment
0x00007ff8141d9000 	/System/Library/PrivateFrameworks/DSExternalDisplay.framework/Versions/A/DSExternalDisplay
0x00007ffa1f187000 	/System/Library/Frameworks/OpenGL.framework/Versions/A/Libraries/libCoreFSCache.dylib
0x00007ffb0b27b000 	/System/Library/PrivateFrameworks/GPUCompiler.framework/Versions/31001/Libraries/libGPUCompilerUtils.dylib
0x00007ff814244000 	/System/Library/PrivateFrameworks/CMCaptureCore.framework/Versions/A/CMCaptureCore
0x00007ff81374e000 	/System/Library/PrivateFrameworks/AppServerSupport.framework/Versions/A/AppServerSupport
0x00007ff81591f000 	/System/Library/PrivateFrameworks/perfdata.framework/Versions/A/perfdata
0x00007ff808c00000 	/System/Library/PrivateFrameworks/AudioToolboxCore.framework/Versions/A/AudioToolboxCore
0x00007ff8101b5000 	/System/Library/PrivateFrameworks/caulk.framework/Versions/A/caulk
0x00007ff81524c000 	/usr/lib/libAudioStatistics.dylib
0x00007ff90c491000 	/System/Library/PrivateFrameworks/SystemPolicy.framework/Versions/A/SystemPolicy
0x00007ff815498000 	/usr/lib/libSMC.dylib
0x00007ff81e284000 	/System/Library/Frameworks/CoreMIDI.framework/Versions/A/CoreMIDI
0x00007ff8140ff000 	/usr/lib/libAudioToolboxUtility.dylib
0x00007ff908919000 	/System/Library/PrivateFrameworks/OSAServicesClient.framework/Versions/A/OSAServicesClient
0x00007ff81592c000 	/usr/lib/libperfcheck.dylib
0x00007ff90cf1d000 	/usr/lib/libmis.dylib
0x00007ffa1f1e3000 	/System/Library/Frameworks/OpenGL.framework/Versions/A/Libraries/libGLU.dylib
0x00007ffa1f1a6000 	/System/Library/Frameworks/OpenGL.framework/Versions/A/Libraries/libGFXShared.dylib
0x00007ffa1f3b4000 	/System/Library/Frameworks/OpenGL.framework/Versions/A/Libraries/libGL.dylib
0x00007ffa1f1af000 	/System/Library/Frameworks/OpenGL.framework/Versions/A/Libraries/libGLImage.dylib
0x00007ffa1f1a3000 	/System/Library/Frameworks/OpenGL.framework/Versions/A/Libraries/libCVMSPluginSupport.dylib
0x00007ffa1f18e000 	/System/Library/Frameworks/OpenGL.framework/Versions/A/Libraries/libCoreVMClient.dylib
0x00007ff810d13000 	/System/Library/Frameworks/MetalPerformanceShaders.framework/Versions/A/Frameworks/MPSCore.framework/Versions/A/MPSCore
0x00007ff812192000 	/System/Library/Frameworks/MetalPerformanceShaders.framework/Versions/A/Frameworks/MPSImage.framework/Versions/A/MPSImage
0x00007ff811c49000 	/System/Library/Frameworks/MetalPerformanceShaders.framework/Versions/A/Frameworks/MPSNeuralNetwork.framework/Versions/A/MPSNeuralNetwork
0x00007ff8120be000 	/System/Library/Frameworks/MetalPerformanceShaders.framework/Versions/A/Frameworks/MPSMatrix.framework/Versions/A/MPSMatrix
0x00007ff811e7a000 	/System/Library/Frameworks/MetalPerformanceShaders.framework/Versions/A/Frameworks/MPSRayIntersector.framework/Versions/A/MPSRayIntersector
0x00007ff8120f7000 	/System/Library/Frameworks/MetalPerformanceShaders.framework/Versions/A/Frameworks/MPSNDArray.framework/Versions/A/MPSNDArray
0x00007ffa23d8c000 	/System/Library/Frameworks/MetalPerformanceShaders.framework/Versions/A/Frameworks/MPSFunctions.framework/Versions/A/MPSFunctions
0x00007ff807f02000 	/System/Library/PrivateFrameworks/MetalTools.framework/Versions/A/MetalTools
0x00007ff810d8d000 	/System/Library/PrivateFrameworks/AggregateDictionary.framework/Versions/A/AggregateDictionary
0x00007ff812f84000 	/usr/lib/libIOReport.dylib
0x00007ffa207c3000 	/System/Library/Frameworks/OpenCL.framework/Versions/A/OpenCL
0x00007ff8132e8000 	/System/Library/PrivateFrameworks/FaceCore.framework/Versions/A/FaceCore
0x00007ff8132d9000 	/System/Library/PrivateFrameworks/GraphVisualizer.framework/Versions/A/GraphVisualizer
0x00007ffb0b186000 	/System/Library/PrivateFrameworks/FontServices.framework/Versions/A/FontServices
0x00007ff813705000 	/System/Library/PrivateFrameworks/OTSVG.framework/Versions/A/OTSVG
0x00007ff80eb72000 	/System/Library/Frameworks/ApplicationServices.framework/Versions/A/Frameworks/ATS.framework/Versions/A/Resources/libFontRegistry.dylib
0x00007ff813756000 	/System/Library/PrivateFrameworks/FontServices.framework/libhvf.dylib
0x00007ffb0b187000 	/System/Library/PrivateFrameworks/FontServices.framework/libXTFontStaticRegistryData.dylib
0x00007ff813152000 	/System/Library/PrivateFrameworks/AppleVA.framework/Versions/A/AppleVA
0x00007ff81526c000 	/System/Library/Frameworks/ApplicationServices.framework/Versions/A/Frameworks/ATS.framework/Versions/A/ATS
0x00007ff80d245000 	/System/Library/Frameworks/ApplicationServices.framework/Versions/A/Frameworks/HIServices.framework/Versions/A/HIServices
0x00007ff81424e000 	/System/Library/Frameworks/ApplicationServices.framework/Versions/A/Frameworks/PrintCore.framework/Versions/A/PrintCore
0x00007ff8155eb000 	/System/Library/Frameworks/ApplicationServices.framework/Versions/A/Frameworks/QD.framework/Versions/A/QD
0x00007ff8155e3000 	/System/Library/Frameworks/ApplicationServices.framework/Versions/A/Frameworks/ColorSyncLegacy.framework/Versions/A/ColorSyncLegacy
0x00007ff81525c000 	/System/Library/Frameworks/ApplicationServices.framework/Versions/A/Frameworks/SpeechSynthesis.framework/Versions/A/SpeechSynthesis
0x00007ff81420f000 	/System/Library/Frameworks/ApplicationServices.framework/Versions/A/Frameworks/ATSUI.framework/Versions/A/ATSUI
0x00007ff815578000 	/usr/lib/libcups.2.dylib
0x00007ff81593b000 	/System/Library/Frameworks/Kerberos.framework/Versions/A/Kerberos
0x00007ff81594a000 	/System/Library/Frameworks/GSS.framework/Versions/A/GSS
0x00007ff8152d8000 	/usr/lib/libresolv.9.dylib
0x00007ff813765000 	/System/Library/PrivateFrameworks/Heimdal.framework/Versions/A/Heimdal
0x00007ff81c3ee000 	/System/Library/Frameworks/Kerberos.framework/Versions/A/Libraries/libHeimdalProxy.dylib
0x00007ff80df14000 	/System/Library/Frameworks/Network.framework/Versions/A/Network
0x00007ff8131bc000 	/usr/lib/libheimdal-asn1.dylib
0x00007ff815995000 	/System/Library/PrivateFrameworks/CommonAuth.framework/Versions/A/CommonAuth
0x00007ff8151dd000 	/System/Library/PrivateFrameworks/AudioSession.framework/Versions/A/AudioSession
0x00007ff81324c000 	/System/Library/PrivateFrameworks/MediaExperience.framework/Versions/A/MediaExperience
0x00007ff815071000 	/System/Library/PrivateFrameworks/AudioSession.framework/libSessionUtility.dylib
0x00007ff8155f7000 	/System/Library/PrivateFrameworks/AudioResourceArbitration.framework/Versions/A/AudioResourceArbitration
0x00007ff8131c5000 	/System/Library/PrivateFrameworks/IconFoundation.framework/Versions/A/IconFoundation
0x00007ff8183d1000 	/System/Library/PrivateFrameworks/SpeechRecognitionCore.framework/Versions/A/SpeechRecognitionCore
0x0000000103e03000 	/Library/Java/JavaVirtualMachines/temurin-11.jdk/Contents/Home/lib/server/libjvm.dylib
0x000000010306d000 	/Library/Java/JavaVirtualMachines/temurin-11.jdk/Contents/Home/lib/libverify.dylib
0x00000001030aa000 	/Library/Java/JavaVirtualMachines/temurin-11.jdk/Contents/Home/lib/libjava.dylib
0x000000010307e000 	/Library/Java/JavaVirtualMachines/temurin-11.jdk/Contents/Home/lib/libjimage.dylib
0x0000000103096000 	/Library/Java/JavaVirtualMachines/temurin-11.jdk/Contents/Home/lib/libzip.dylib
0x0000000103b50000 	/Library/Java/JavaVirtualMachines/temurin-11.jdk/Contents/Home/lib/libnio.dylib
0x0000000103b7c000 	/Library/Java/JavaVirtualMachines/temurin-11.jdk/Contents/Home/lib/libnet.dylib
0x0000000103b63000 	/Users/acg/.openjfx/cache/11/libprism_es2.dylib
0x00007ff80a07f000 	/System/Library/PrivateFrameworks/CoreServicesInternal.framework/Versions/A/CoreServicesInternal
0x00007ffa1f3bf000 	/System/Library/Frameworks/OpenGL.framework/Versions/A/Resources/GLEngine.bundle/GLEngine
0x00007ffa1f221000 	/System/Library/Frameworks/OpenGL.framework/Versions/A/Libraries/libGLProgrammability.dylib
0x00007ffa16ef5000 	/System/Library/Extensions/AppleIntelBDWGraphicsGLDriver.bundle/Contents/MacOS/AppleIntelBDWGraphicsGLDriver
0x00007ff916d06000 	/System/Library/PrivateFrameworks/GPUSupport.framework/Versions/A/Libraries/libGPUSupportMercury.dylib
0x00007ffa1f54e000 	/System/Library/Frameworks/OpenGL.framework/Versions/A/Resources/GLRendererFloat.bundle/GLRendererFloat
0x0000000105a71000 	/Users/acg/.openjfx/cache/11/libglass.dylib
0x00007ff819ba2000 	/System/Library/Frameworks/FileProvider.framework/Versions/A/FileProvider
0x00007ff80dcf3000 	/System/Library/Frameworks/Accounts.framework/Versions/A/Accounts
0x00007ff819d1a000 	/System/Library/PrivateFrameworks/GenerationalStorage.framework/Versions/A/GenerationalStorage
0x00007ff81a827000 	/System/Library/PrivateFrameworks/CoreSymbolication.framework/Versions/A/CoreSymbolication
0x00007ff8195a6000 	/System/Library/PrivateFrameworks/SymptomDiagnosticReporter.framework/Versions/A/SymptomDiagnosticReporter
0x00007ff80b33e000 	/System/Library/PrivateFrameworks/DesktopServicesPriv.framework/Versions/A/DesktopServicesPriv
0x00007ff80a1c0000 	/usr/lib/libsandbox.1.dylib
0x00007ff80f008000 	/System/Library/PrivateFrameworks/UserManagement.framework/Versions/A/UserManagement
0x00007ff81a7ec000 	/System/Library/PrivateFrameworks/DebugSymbols.framework/Versions/A/DebugSymbols
0x00007ff8155d8000 	/System/Library/PrivateFrameworks/NetAuth.framework/Versions/A/NetAuth
0x00007ff8164c4000 	/System/Library/PrivateFrameworks/Sharing.framework/Versions/A/Sharing
0x00007ff80efdb000 	/System/Library/PrivateFrameworks/login.framework/Versions/A/Frameworks/loginsupport.framework/Versions/A/loginsupport
0x00007ff81b924000 	/System/Library/PrivateFrameworks/Apple80211.framework/Versions/A/Apple80211
0x00007ff812277000 	/System/Library/PrivateFrameworks/AuthKit.framework/Versions/A/AuthKit
0x00007ff8118d6000 	/System/Library/PrivateFrameworks/CoreUtils.framework/Versions/A/CoreUtils
0x00007ff8117fd000 	/System/Library/Frameworks/CoreWLAN.framework/Versions/A/CoreWLAN
0x00007ff81661f000 	/System/Library/Frameworks/IOBluetooth.framework/Versions/A/IOBluetooth
0x00007ff81b98c000 	/System/Library/PrivateFrameworks/CoreWiFi.framework/Versions/A/CoreWiFi
0x00007ff81a3c1000 	/System/Library/PrivateFrameworks/FrontBoardServices.framework/Versions/A/FrontBoardServices
0x00007ff81a453000 	/System/Library/PrivateFrameworks/BoardServices.framework/Versions/A/BoardServices
0x00007ff811af0000 	/System/Library/PrivateFrameworks/AssertionServices.framework/Versions/A/AssertionServices
0x00007ff81bb10000 	/System/Library/PrivateFrameworks/BackBoardServices.framework/Versions/A/BackBoardServices
0x00007ff815a24000 	/System/Library/PrivateFrameworks/CorePhoneNumbers.framework/Versions/A/CorePhoneNumbers
0x00007ff8196c3000 	/System/Library/PrivateFrameworks/DiskManagement.framework/Versions/A/DiskManagement
0x00007ff8195d7000 	/System/Library/PrivateFrameworks/AppleIDAuthSupport.framework/Versions/A/AppleIDAuthSupport
0x00007ffa25cf2000 	/System/Library/PrivateFrameworks/AAAFoundation.framework/Versions/A/AAAFoundation
0x00007ff815a05000 	/System/Library/PrivateFrameworks/KeychainCircle.framework/Versions/A/KeychainCircle
0x00007ff81968f000 	/System/Library/PrivateFrameworks/MediaKit.framework/Versions/A/MediaKit
0x00007ff8195e3000 	/System/Library/Frameworks/DiscRecording.framework/Versions/A/DiscRecording
0x00007ff8130ca000 	/usr/lib/libCoreStorage.dylib
0x00007ff81bdfd000 	/usr/lib/libcsfde.dylib
0x00007ff8166ec000 	/System/Library/PrivateFrameworks/ProtectedCloudStorage.framework/Versions/A/ProtectedCloudStorage
0x00007ff81bdf9000 	/System/Library/PrivateFrameworks/EFILogin.framework/Versions/A/EFILogin
0x00007ff819d40000 	/System/Library/PrivateFrameworks/OctagonTrust.framework/Versions/A/OctagonTrust
0x00007ffb0a4c0000 	/System/Library/PrivateFrameworks/CoreUtilsExtras.framework/Versions/A/CoreUtilsExtras
0x00007ff819516000 	/System/Library/Frameworks/CoreBluetooth.framework/Versions/A/CoreBluetooth
0x00007ff81c473000 	/System/Library/Frameworks/AudioUnit.framework/Versions/A/AudioUnit
0x00007ff8130c2000 	/usr/lib/libMatch.1.dylib
0x00007ff9112f0000 	/System/Library/Frameworks/Accelerate.framework/Versions/A/Frameworks/vImage.framework/Versions/A/Libraries/libCGInterfaces.dylib
0x000000010632a000 	/usr/lib/libobjc-trampolines.dylib
0x00007ff80ed02000 	/System/Library/PrivateFrameworks/ViewBridge.framework/Versions/A/ViewBridge
0x00007ffb1cd8a000 	/usr/lib/libRosetta.dylib
0x0000000129e3b000 	/Users/acg/.openjfx/cache/11/libjavafx_font.dylib
0x00007ff81381f000 	/System/Library/PrivateFrameworks/login.framework/Versions/A/login
0x000000012b549000 	/Library/Java/JavaVirtualMachines/temurin-11.jdk/Contents/Home/lib/libextnet.dylib
0x000000012b55b000 	/Library/Java/JavaVirtualMachines/temurin-11.jdk/Contents/Home/lib/libmanagement.dylib
0x000000012b570000 	/Library/Java/JavaVirtualMachines/temurin-11.jdk/Contents/Home/lib/libmanagement_ext.dylib
0x00007ff818a98000 	/System/Library/PrivateFrameworks/SystemAdministration.framework/Versions/A/SystemAdministration
0x00007ff814476000 	/System/Library/Frameworks/MediaToolbox.framework/Versions/A/MediaToolbox
0x00007ff81839d000 	/System/Library/Frameworks/DirectoryService.framework/Versions/A/DirectoryService
0x00007ff81bc9c000 	/System/Library/PrivateFrameworks/DiskImages.framework/Versions/A/DiskImages
0x00007ff811b98000 	/System/Library/Frameworks/ServiceManagement.framework/Versions/A/ServiceManagement
0x00007ff81be75000 	/System/Library/PrivateFrameworks/LoginUIKit.framework/Versions/A/Frameworks/LoginUICore.framework/Versions/A/LoginUICore
0x00007ff8139cd000 	/usr/lib/libodfde.dylib
0x00007ff819b72000 	/System/Library/PrivateFrameworks/CoreAVCHD.framework/Versions/A/CoreAVCHD
0x00007ff818a5c000 	/System/Library/Frameworks/MediaAccessibility.framework/Versions/A/MediaAccessibility
0x00007ff819b6e000 	/System/Library/PrivateFrameworks/Mangrove.framework/Versions/A/Mangrove
0x00007ff818a67000 	/System/Library/PrivateFrameworks/AlgosScoreFramework.framework/Versions/A/AlgosScoreFramework
0x00007ffb07928000 	/System/Library/PrivateFrameworks/CMPhoto.framework/Versions/A/CMPhoto
0x00007ff81a6c2000 	/System/Library/PrivateFrameworks/AppleVPA.framework/Versions/A/AppleVPA
0x00007ff8197b3000 	/System/Library/PrivateFrameworks/CoreAUC.framework/Versions/A/CoreAUC
0x00007ff81be09000 	/usr/lib/libcurl.4.dylib
0x00007ff81bb68000 	/usr/lib/libcrypto.44.dylib
0x00007ff81bc6f000 	/usr/lib/libssl.46.dylib
0x00007ff81bb2e000 	/System/Library/Frameworks/LDAP.framework/Versions/A/LDAP
0x00007ff81bb66000 	/System/Library/PrivateFrameworks/TrustEvaluationAgent.framework/Versions/A/TrustEvaluationAgent
0x00007ff8152f1000 	/usr/lib/libsasl2.2.dylib
0x00007ff818a8c000 	/System/Library/PrivateFrameworks/CoreDaemon.framework/Versions/B/CoreDaemon
0x00007ff818a87000 	/System/Library/PrivateFrameworks/AppleSRP.framework/Versions/A/AppleSRP


VM Arguments:
jvm_args: -Dfile.encoding=UTF-8 
java_command: br.edu.femass.Main
java_class_path (initial): /Users/acg/Documents/Projetos/workspace/petshop/target/classes:/Users/acg/.m2/repository/org/postgresql/postgresql/42.3.0/postgresql-42.3.0.jar:/Users/acg/.m2/repository/org/checkerframework/checker-qual/3.5.0/checker-qual-3.5.0.jar:/Users/acg/.m2/repository/org/projectlombok/lombok/1.18.22/lombok-1.18.22.jar:/Users/acg/.m2/repository/org/openjfx/javafx-controls/11/javafx-controls-11.jar:/Users/acg/.m2/repository/org/openjfx/javafx-controls/11/javafx-controls-11-mac.jar:/Users/acg/.m2/repository/org/openjfx/javafx-graphics/11/javafx-graphics-11.jar:/Users/acg/.m2/repository/org/openjfx/javafx-graphics/11/javafx-graphics-11-mac.jar:/Users/acg/.m2/repository/org/openjfx/javafx-base/11/javafx-base-11.jar:/Users/acg/.m2/repository/org/openjfx/javafx-base/11/javafx-base-11-mac.jar:/Users/acg/.m2/repository/org/openjfx/javafx-fxml/11/javafx-fxml-11.jar:/Users/acg/.m2/repository/org/openjfx/javafx-fxml/11/javafx-fxml-11-mac.jar:/Users/acg/.m2/repository/com/zaxxer/HikariCP/3.4.2/HikariCP-3.4.2.jar:/Users/acg/.m2/repository/org/jgrapht/jgrapht-core/1.4.0/jgrapht-core-1.4.0.jar:/Users/acg/.m2/repository/org/jheaps/jheaps/0.11/jheaps-0.11.jar:/Users/acg/.m2/repository/org/mariadb/jdbc/mariadb-java-client/2.5.4/mariadb-java-client-2.5.4.jar:/Users/acg/.m2/repository/org/slf4j/slf4j-api/1.7.30/slf4j-api-1.7.30.jar:/Users/acg/.m2/repository/org/slf4j/slf4j-log4j12/1.7.5/slf4j-log4j12-1.7.5.jar:/Users/acg/.m2/repository/log4j/log4j/1.2.17/log4j-1.2.17.jar
Launcher Type: SUN_STANDARD

[Global flags]
     intx CICompilerCount                          = 3                                         {product} {ergonomic}
     uint ConcGCThreads                            = 1                                         {product} {ergonomic}
     uint G1ConcRefinementThreads                  = 4                                         {product} {ergonomic}
   size_t G1HeapRegionSize                         = 1048576                                   {product} {ergonomic}
    uintx GCDrainStackTargetSize                   = 64                                        {product} {ergonomic}
   size_t InitialHeapSize                          = 134217728                                 {product} {ergonomic}
   size_t MarkStackSize                            = 4194304                                   {product} {ergonomic}
   size_t MaxHeapSize                              = 2147483648                                {product} {ergonomic}
   size_t MaxNewSize                               = 1287651328                                {product} {ergonomic}
   size_t MinHeapDeltaBytes                        = 1048576                                   {product} {ergonomic}
    uintx NonNMethodCodeHeapSize                   = 5830732                                {pd product} {ergonomic}
    uintx NonProfiledCodeHeapSize                  = 122913754                              {pd product} {ergonomic}
    uintx ProfiledCodeHeapSize                     = 122913754                              {pd product} {ergonomic}
    uintx ReservedCodeCacheSize                    = 251658240                              {pd product} {ergonomic}
     bool SegmentedCodeCache                       = true                                      {product} {ergonomic}
     bool UseCompressedClassPointers               = true                                 {lp64_product} {ergonomic}
     bool UseCompressedOops                        = true                                 {lp64_product} {ergonomic}
     bool UseG1GC                                  = true                                      {product} {ergonomic}

Logging:
Log output configuration:
 #0: stdout all=warning uptime,level,tags
 #1: stderr all=off uptime,level,tags

Environment Variables:
JAVA_HOME=/Library/Java/JavaVirtualMachines/temurin-11.jdk/Contents/Home
PATH=/usr/local/bin:/usr/bin:/bin:/usr/sbin:/sbin:/opt/miniconda3/bin:/opt/miniconda3/condabin
SHELL=/bin/zsh
LANG=pt_BR.UTF-8

Signal Handlers:
SIGSEGV: [libjvm.dylib+0x7c4d6c], sa_mask[0]=11111111011111110111111111111111, sa_flags=SA_ONSTACK|SA_RESTART|SA_SIGINFO
SIGBUS: [libjvm.dylib+0x7c4d6c], sa_mask[0]=11111111011111110111111111111111, sa_flags=SA_RESTART|SA_SIGINFO
SIGFPE: [libjvm.dylib+0x7c4d6c], sa_mask[0]=11111111011111110111111111111111, sa_flags=SA_RESTART|SA_SIGINFO
SIGPIPE: [libjvm.dylib+0x6298ca], sa_mask[0]=11111111011111110111111111111111, sa_flags=SA_RESTART|SA_SIGINFO
SIGXFSZ: [libjvm.dylib+0x6298ca], sa_mask[0]=11111111011111110111111111111111, sa_flags=SA_RESTART|SA_SIGINFO
SIGILL: [libjvm.dylib+0x7c4d6c], sa_mask[0]=11111111011111110111111111111111, sa_flags=SA_RESTART|SA_SIGINFO
SIGUSR2: [libjvm.dylib+0x629eb1], sa_mask[0]=00000000000000000000000000000000, sa_flags=SA_RESTART|SA_SIGINFO
SIGHUP: [libjvm.dylib+0x628a93], sa_mask[0]=11111111011111110111111111111111, sa_flags=SA_RESTART|SA_SIGINFO
SIGINT: [libjvm.dylib+0x628a93], sa_mask[0]=11111111011111110111111111111111, sa_flags=SA_RESTART|SA_SIGINFO
SIGTERM: [libjvm.dylib+0x628a93], sa_mask[0]=11111111011111110111111111111111, sa_flags=SA_RESTART|SA_SIGINFO
SIGQUIT: [libjvm.dylib+0x628a93], sa_mask[0]=11111111011111110111111111111111, sa_flags=SA_RESTART|SA_SIGINFO


---------------  S Y S T E M  ---------------

OS:uname:Darwin 21.1.0 Darwin Kernel Version 21.1.0: Wed Oct 13 17:33:23 PDT 2021; root:xnu-8019.41.5~1/RELEASE_X86_64 x86_64
OS uptime: 2 days 23:04 hours
rlimit (soft/hard): STACK 8192k/65532k , CORE 0k/infinity , NPROC 1392/2088 , NOFILE 10240/infinity , AS infinity/infinity , CPU infinity/infinity , DATA infinity/infinity , FSIZE infinity/infinity , MEMLOCK infinity/infinity , RSS infinity/infinity
load average:8,99 9,73 11,74

CPU:total 4 (initial active 4) (2 cores per cpu, 2 threads per core) family 6 model 61 stepping 4 microcode 0x2f, cmov, cx8, fxsr, mmx, sse, sse2, sse3, ssse3, sse4.1, sse4.2, popcnt, avx, avx2, aes, clmul, erms, rtm, 3dnowpref, lzcnt, ht, tsc, tscinvbit, bmi1, bmi2, adx, fma

Memory: 4k page, physical 8388608k(18316k free), swap 3145728k(645632k free)

vm_info: OpenJDK 64-Bit Server VM (11.0.13+8) for bsd-amd64 JRE (11.0.13+8), built on Oct 20 2021 01:56:05 by "jenkins" with clang 4.2.1 Compatible Apple LLVM 10.0.1 (clang-1001.0.46.4)

END.
