#
# A fatal error has been detected by the Java Runtime Environment:
#
#  Internal Error (safepoint.cpp:919), pid=5211, tid=28423
#  fatal error: Illegal threadstate encountered: 4
#
# JRE version: OpenJDK Runtime Environment Temurin-11.0.13+8 (11.0.13+8) (build 11.0.13+8)
# Java VM: OpenJDK 64-Bit Server VM Temurin-11.0.13+8 (11.0.13+8, mixed mode, tiered, compressed oops, g1 gc, bsd-amd64)
# No core dump will be written. Core dumps have been disabled. To enable core dumping, try "ulimit -c unlimited" before starting Java again
#
# If you would like to submit a bug report, please visit:
#   https://github.com/adoptium/adoptium-support/issues
# The crash happened outside the Java Virtual Machine in native code.
# See problematic frame for where to report the bug.
#

---------------  S U M M A R Y ------------

Command Line: -agentlib:jdwp=transport=dt_socket,server=n,suspend=y,address=localhost:50184 -Dfile.encoding=UTF-8 br.edu.femass.Main

Host: MacBookAir7,2 x86_64 1800 MHz, 4 cores, 8G, Darwin 21.1.0
Time: Tue Nov  9 20:28:34 2021 -03 elapsed time: 26.580090 seconds (0d 0h 0m 26s)

---------------  T H R E A D  ---------------

Current thread (0x00007fe7a285a800):  JavaThread "InvokeLaterDispatcher" daemon [_thread_in_native, id=28423, stack(0x000070000a74e000,0x000070000a84e000)]

Stack: [0x000070000a74e000,0x000070000a84e000],  sp=0x000070000a84c310,  free space=1016k
Native frames: (J=compiled Java code, A=aot compiled Java code, j=interpreted, Vv=VM code, C=native code)
V  [libjvm.dylib+0x7c3ee8]  _ZN7VMError14report_and_dieEiPKcS1_P13__va_list_tagP6ThreadPhPvS7_S1_im+0x652
V  [libjvm.dylib+0x276925]  _Z12report_fatal11VMErrorTypePKciS1_z+0xc0
V  [libjvm.dylib+0x69a191]  _ZN20SafepointSynchronize5blockEP10JavaThread+0x1d9
V  [libjvm.dylib+0x69b6ff]  _ZN18SafepointMechanism23block_if_requested_slowEP10JavaThread+0x1d
V  [libjvm.dylib+0x77c95a]  _ZN10JavaThread44check_safepoint_and_suspend_for_native_transEPS_+0x9c
V  [libjvm.dylib+0x3f186a]  jni_DeleteGlobalRef+0x93
C  [libglass.dylib+0x8871]  -[GlassRunnable dealloc]+0x31
C  [Foundation+0x8210b]  -[_NSThreadPerformInfo dealloc]+0x2a
C  [Foundation+0x4edc7]  -[NSObject(NSThreadPerformAdditions) performSelectorOnMainThread:withObject:waitUntilDone:]+0x7c
J 3113  com.sun.glass.ui.mac.MacApplication._submitForLaterInvocation(Ljava/lang/Runnable;)V (0 bytes) @ 0x000000011a4fe70f [0x000000011a4fe640+0x00000000000000cf]
J 3002 c1 com.sun.glass.ui.mac.MacApplication.submitForLaterInvocation(Ljava/lang/Runnable;)V (6 bytes) @ 0x00000001133f59c4 [0x00000001133f5940+0x0000000000000084]
j  com.sun.glass.ui.InvokeLaterDispatcher.run()V+82
v  ~StubRoutines::call_stub
V  [libjvm.dylib+0x3b5a80]  _ZN9JavaCalls11call_helperEP9JavaValueRK12methodHandleP17JavaCallArgumentsP6Thread+0x1fe
V  [libjvm.dylib+0x3b4ee6]  _ZN9JavaCalls12call_virtualEP9JavaValueP5KlassP6SymbolS5_P17JavaCallArgumentsP6Thread+0xee
V  [libjvm.dylib+0x3b4fa2]  _ZN9JavaCalls12call_virtualEP9JavaValue6HandleP5KlassP6SymbolS6_P6Thread+0x62
V  [libjvm.dylib+0x43c182]  _ZL12thread_entryP10JavaThreadP6Thread+0x78
V  [libjvm.dylib+0x77b3e4]  _ZN10JavaThread17thread_main_innerEv+0x82
V  [libjvm.dylib+0x77b22e]  _ZN10JavaThread3runEv+0x122
V  [libjvm.dylib+0x779148]  _ZN6Thread8call_runEv+0x68
V  [libjvm.dylib+0x6277ed]  _ZL19thread_native_entryP6Thread+0x139
C  [libsystem_pthread.dylib+0x6514]  _pthread_start+0x7d
C  [libsystem_pthread.dylib+0x202f]  thread_start+0xf

Java frames: (J=compiled Java code, j=interpreted, Vv=VM code)
J 3113  com.sun.glass.ui.mac.MacApplication._submitForLaterInvocation(Ljava/lang/Runnable;)V (0 bytes) @ 0x000000011a4fe69c [0x000000011a4fe640+0x000000000000005c]
J 3002 c1 com.sun.glass.ui.mac.MacApplication.submitForLaterInvocation(Ljava/lang/Runnable;)V (6 bytes) @ 0x00000001133f59c4 [0x00000001133f5940+0x0000000000000084]
j  com.sun.glass.ui.InvokeLaterDispatcher.run()V+82
v  ~StubRoutines::call_stub

---------------  P R O C E S S  ---------------

Threads class SMR info:
_java_thread_list=0x00006000013cabc0, length=19, elements={
0x00007fe7a080e800, 0x00007fe7a0846800, 0x00007fe7a0098800, 0x00007fe7a009e000,
0x00007fe7a0099800, 0x00007fe7a009d000, 0x00007fe7a00ac000, 0x00007fe7a00ad000,
0x00007fe7a00ef000, 0x00007fe7a00ee000, 0x00007fe7a00f2000, 0x00007fe7a08ea800,
0x00007fe7a10cf000, 0x00007fe7a11ea800, 0x00007fe7a285a800, 0x00007fe7a285d800,
0x00007fe7a0283000, 0x00007fe7a03d6000, 0x00007fe7a0cf3800
}

Java Threads: ( => current thread )
  0x00007fe7a080e800 JavaThread "main" [_thread_blocked, id=6403, stack(0x0000700009109000,0x0000700009209000)]
  0x00007fe7a0846800 JavaThread "Reference Handler" daemon [_thread_blocked, id=19459, stack(0x000070000981e000,0x000070000991e000)]
  0x00007fe7a0098800 JavaThread "Finalizer" daemon [_thread_blocked, id=18947, stack(0x0000700009921000,0x0000700009a21000)]
  0x00007fe7a009e000 JavaThread "Signal Dispatcher" daemon [_thread_blocked, id=16899, stack(0x0000700009b2a000,0x0000700009c2a000)]
  0x00007fe7a0099800 JavaThread "Service Thread" daemon [_thread_blocked, id=22019, stack(0x0000700009c2d000,0x0000700009d2d000)]
  0x00007fe7a009d000 JavaThread "C2 CompilerThread0" daemon [_thread_in_native, id=43267, stack(0x0000700009d30000,0x0000700009e30000)]
  0x00007fe7a00ac000 JavaThread "C1 CompilerThread0" daemon [_thread_blocked, id=42755, stack(0x0000700009e33000,0x0000700009f33000)]
  0x00007fe7a00ad000 JavaThread "Sweeper thread" daemon [_thread_blocked, id=42243, stack(0x0000700009f36000,0x000070000a036000)]
  0x00007fe7a00ef000 JavaThread "JDWP Transport Listener: dt_socket" daemon [_thread_blocked, id=41475, stack(0x000070000a039000,0x000070000a139000)]
  0x00007fe7a00ee000 JavaThread "JDWP Event Helper Thread" daemon [_thread_blocked, id=23555, stack(0x000070000a13c000,0x000070000a23c000)]
  0x00007fe7a00f2000 JavaThread "JDWP Command Reader" daemon [_thread_in_native, id=40707, stack(0x000070000a23f000,0x000070000a33f000)]
  0x00007fe7a08ea800 JavaThread "Common-Cleaner" daemon [_thread_blocked, id=24323, stack(0x000070000a445000,0x000070000a545000)]
  0x00007fe7a10cf000 JavaThread "JavaFX-Launcher" [_thread_blocked, id=24835, stack(0x000070000a548000,0x000070000a648000)]
  0x00007fe7a11ea800 JavaThread "QuantumRenderer-0" daemon [_thread_blocked, id=25347, stack(0x000070000a64b000,0x000070000a74b000)]
=>0x00007fe7a285a800 JavaThread "InvokeLaterDispatcher" daemon [_thread_in_native, id=28423, stack(0x000070000a74e000,0x000070000a84e000)]
  0x00007fe7a285d800 JavaThread "JavaFX Application Thread" [_thread_in_native_trans, id=259, stack(0x00007ff7b86cd000,0x00007ff7b8ecd000)]
  0x00007fe7a0283000 JavaThread "Thread-3" daemon [_thread_in_native, id=48135, stack(0x000070000a851000,0x000070000a8d1000)]
  0x00007fe7a03d6000 JavaThread "Prism Font Disposer" daemon [_thread_blocked, id=73503, stack(0x000070000ac60000,0x000070000ad60000)]
  0x00007fe7a0cf3800 JavaThread "Cleaner-0" daemon [_thread_blocked, id=61191, stack(0x000070000ade6000,0x000070000aee6000)]

Other Threads:
  0x00007fe7a0840800 VMThread "VM Thread" [stack: 0x000070000971b000,0x000070000981b000] [id=14339]
  0x00007fe7a2814800 WatcherThread [stack: 0x000070000a342000,0x000070000a442000] [id=40195]
  0x00007fe7a100f800 GCTaskThread "GC Thread#0" [stack: 0x000070000920c000,0x000070000930c000] [id=11779]
  0x00007fe7a09d8000 GCTaskThread "GC Thread#1" [stack: 0x000070000a957000,0x000070000aa57000] [id=75531]
  0x00007fe7a0161000 GCTaskThread "GC Thread#2" [stack: 0x000070000aa5a000,0x000070000ab5a000] [id=54531]
  0x00007fe7a1319800 GCTaskThread "GC Thread#3" [stack: 0x000070000ab5d000,0x000070000ac5d000] [id=74755]
  0x00007fe7a002f800 ConcurrentGCThread "G1 Main Marker" [stack: 0x000070000930f000,0x000070000940f000] [id=20739]
  0x00007fe7a0030000 ConcurrentGCThread "G1 Conc#0" [stack: 0x0000700009412000,0x0000700009512000] [id=19971]
  0x00007fe7a0081000 ConcurrentGCThread "G1 Refine#0" [stack: 0x0000700009515000,0x0000700009615000] [id=12547]
  0x00007fe7a0081800 ConcurrentGCThread "G1 Young RemSet Sampling" [stack: 0x0000700009618000,0x0000700009718000] [id=13059]

Threads with active compile tasks:
C2 CompilerThread0  26622 3607       4       javafx.css.CompoundSelector::applies (144 bytes)

VM state:not at safepoint (normal execution)

VM Mutex/Monitor currently owned by a thread: None

Heap address: 0x0000000780000000, size: 2048 MB, Compressed Oops mode: Zero based, Oop shift amount: 3
Narrow klass base: 0x0000000800000000, Narrow klass shift: 0
Compressed class space size: 1073741824 Address: 0x0000000800000000

Heap:
 garbage-first heap   total 131072K, used 18045K [0x0000000780000000, 0x0000000800000000)
  region size 1024K, 10 young (10240K), 4 survivors (4096K)
 Metaspace       used 28287K, capacity 29360K, committed 29568K, reserved 1075200K
  class space    used 3430K, capacity 3904K, committed 3968K, reserved 1048576K
Heap Regions: E=young(eden), S=young(survivor), O=old, HS=humongous(starts), HC=humongous(continues), CS=collection set, F=free, A=archive, TAMS=top-at-mark-start (previous, next)
|   0|0x0000000780000000, 0x0000000780100000, 0x0000000780100000|100%| O|  |TAMS 0x00000007800bb400, 0x0000000780000000| Untracked 
|   1|0x0000000780100000, 0x0000000780200000, 0x0000000780200000|100%|HS|  |TAMS 0x0000000780200000, 0x0000000780100000| Complete 
|   2|0x0000000780200000, 0x0000000780300000, 0x0000000780300000|100%|HC|  |TAMS 0x0000000780300000, 0x0000000780200000| Complete 
|   3|0x0000000780300000, 0x0000000780400000, 0x0000000780400000|100%| O|  |TAMS 0x0000000780300000, 0x0000000780300000| Untracked 
|   4|0x0000000780400000, 0x0000000780500000, 0x0000000780500000|100%| O|  |TAMS 0x0000000780400000, 0x0000000780400000| Untracked 
|   5|0x0000000780500000, 0x0000000780600000, 0x0000000780600000|100%| O|  |TAMS 0x0000000780500000, 0x0000000780500000| Untracked 
|   6|0x0000000780600000, 0x0000000780700000, 0x0000000780700000|100%| O|  |TAMS 0x0000000780600000, 0x0000000780600000| Untracked 
|   7|0x0000000780700000, 0x0000000780800000, 0x0000000780800000|100%| O|  |TAMS 0x0000000780700000, 0x0000000780700000| Untracked 
|   8|0x0000000780800000, 0x000000078089f400, 0x0000000780900000| 62%| O|  |TAMS 0x0000000780800000, 0x0000000780800000| Untracked 
|   9|0x0000000780900000, 0x0000000780900000, 0x0000000780a00000|  0%| F|  |TAMS 0x0000000780900000, 0x0000000780900000| Untracked 
|  10|0x0000000780a00000, 0x0000000780a00000, 0x0000000780b00000|  0%| F|  |TAMS 0x0000000780a00000, 0x0000000780a00000| Untracked 
|  11|0x0000000780b00000, 0x0000000780b00000, 0x0000000780c00000|  0%| F|  |TAMS 0x0000000780b00000, 0x0000000780b00000| Untracked 
|  12|0x0000000780c00000, 0x0000000780c00000, 0x0000000780d00000|  0%| F|  |TAMS 0x0000000780c00000, 0x0000000780c00000| Untracked 
|  13|0x0000000780d00000, 0x0000000780d00000, 0x0000000780e00000|  0%| F|  |TAMS 0x0000000780d00000, 0x0000000780d00000| Untracked 
|  14|0x0000000780e00000, 0x0000000780e00000, 0x0000000780f00000|  0%| F|  |TAMS 0x0000000780e00000, 0x0000000780e00000| Untracked 
|  15|0x0000000780f00000, 0x0000000780f00000, 0x0000000781000000|  0%| F|  |TAMS 0x0000000780f00000, 0x0000000780f00000| Untracked 
|  16|0x0000000781000000, 0x0000000781000000, 0x0000000781100000|  0%| F|  |TAMS 0x0000000781000000, 0x0000000781000000| Untracked 
|  17|0x0000000781100000, 0x0000000781100000, 0x0000000781200000|  0%| F|  |TAMS 0x0000000781100000, 0x0000000781100000| Untracked 
|  18|0x0000000781200000, 0x0000000781200000, 0x0000000781300000|  0%| F|  |TAMS 0x0000000781200000, 0x0000000781200000| Untracked 
|  19|0x0000000781300000, 0x0000000781300000, 0x0000000781400000|  0%| F|  |TAMS 0x0000000781300000, 0x0000000781300000| Untracked 
|  20|0x0000000781400000, 0x0000000781400000, 0x0000000781500000|  0%| F|  |TAMS 0x0000000781400000, 0x0000000781400000| Untracked 
|  21|0x0000000781500000, 0x0000000781500000, 0x0000000781600000|  0%| F|  |TAMS 0x0000000781500000, 0x0000000781500000| Untracked 
|  22|0x0000000781600000, 0x0000000781600000, 0x0000000781700000|  0%| F|  |TAMS 0x0000000781600000, 0x0000000781600000| Untracked 
|  23|0x0000000781700000, 0x0000000781700000, 0x0000000781800000|  0%| F|  |TAMS 0x0000000781700000, 0x0000000781700000| Untracked 
|  24|0x0000000781800000, 0x0000000781800000, 0x0000000781900000|  0%| F|  |TAMS 0x0000000781800000, 0x0000000781800000| Untracked 
|  25|0x0000000781900000, 0x0000000781900000, 0x0000000781a00000|  0%| F|  |TAMS 0x0000000781900000, 0x0000000781900000| Untracked 
|  26|0x0000000781a00000, 0x0000000781a00000, 0x0000000781b00000|  0%| F|  |TAMS 0x0000000781a00000, 0x0000000781a00000| Untracked 
|  27|0x0000000781b00000, 0x0000000781b00000, 0x0000000781c00000|  0%| F|  |TAMS 0x0000000781b00000, 0x0000000781b00000| Untracked 
|  28|0x0000000781c00000, 0x0000000781c00000, 0x0000000781d00000|  0%| F|  |TAMS 0x0000000781c00000, 0x0000000781c00000| Untracked 
|  29|0x0000000781d00000, 0x0000000781d00000, 0x0000000781e00000|  0%| F|  |TAMS 0x0000000781d00000, 0x0000000781d00000| Untracked 
|  30|0x0000000781e00000, 0x0000000781e00000, 0x0000000781f00000|  0%| F|  |TAMS 0x0000000781e00000, 0x0000000781e00000| Untracked 
|  31|0x0000000781f00000, 0x0000000781f00000, 0x0000000782000000|  0%| F|  |TAMS 0x0000000781f00000, 0x0000000781f00000| Untracked 
|  32|0x0000000782000000, 0x0000000782000000, 0x0000000782100000|  0%| F|  |TAMS 0x0000000782000000, 0x0000000782000000| Untracked 
|  33|0x0000000782100000, 0x0000000782100000, 0x0000000782200000|  0%| F|  |TAMS 0x0000000782100000, 0x0000000782100000| Untracked 
|  34|0x0000000782200000, 0x0000000782200000, 0x0000000782300000|  0%| F|  |TAMS 0x0000000782200000, 0x0000000782200000| Untracked 
|  35|0x0000000782300000, 0x0000000782300000, 0x0000000782400000|  0%| F|  |TAMS 0x0000000782300000, 0x0000000782300000| Untracked 
|  36|0x0000000782400000, 0x0000000782400000, 0x0000000782500000|  0%| F|  |TAMS 0x0000000782400000, 0x0000000782400000| Untracked 
|  37|0x0000000782500000, 0x0000000782500000, 0x0000000782600000|  0%| F|  |TAMS 0x0000000782500000, 0x0000000782500000| Untracked 
|  38|0x0000000782600000, 0x0000000782600000, 0x0000000782700000|  0%| F|  |TAMS 0x0000000782600000, 0x0000000782600000| Untracked 
|  39|0x0000000782700000, 0x0000000782700000, 0x0000000782800000|  0%| F|  |TAMS 0x0000000782700000, 0x0000000782700000| Untracked 
|  40|0x0000000782800000, 0x0000000782800000, 0x0000000782900000|  0%| F|  |TAMS 0x0000000782800000, 0x0000000782800000| Untracked 
|  41|0x0000000782900000, 0x0000000782900000, 0x0000000782a00000|  0%| F|  |TAMS 0x0000000782900000, 0x0000000782900000| Untracked 
|  42|0x0000000782a00000, 0x0000000782a00000, 0x0000000782b00000|  0%| F|  |TAMS 0x0000000782a00000, 0x0000000782a00000| Untracked 
|  43|0x0000000782b00000, 0x0000000782b00000, 0x0000000782c00000|  0%| F|  |TAMS 0x0000000782b00000, 0x0000000782b00000| Untracked 
|  44|0x0000000782c00000, 0x0000000782c00000, 0x0000000782d00000|  0%| F|  |TAMS 0x0000000782c00000, 0x0000000782c00000| Untracked 
|  45|0x0000000782d00000, 0x0000000782d00000, 0x0000000782e00000|  0%| F|  |TAMS 0x0000000782d00000, 0x0000000782d00000| Untracked 
|  46|0x0000000782e00000, 0x0000000782e00000, 0x0000000782f00000|  0%| F|  |TAMS 0x0000000782e00000, 0x0000000782e00000| Untracked 
|  47|0x0000000782f00000, 0x0000000782f00000, 0x0000000783000000|  0%| F|  |TAMS 0x0000000782f00000, 0x0000000782f00000| Untracked 
|  48|0x0000000783000000, 0x0000000783000000, 0x0000000783100000|  0%| F|  |TAMS 0x0000000783000000, 0x0000000783000000| Untracked 
|  49|0x0000000783100000, 0x0000000783100000, 0x0000000783200000|  0%| F|  |TAMS 0x0000000783100000, 0x0000000783100000| Untracked 
|  50|0x0000000783200000, 0x0000000783200000, 0x0000000783300000|  0%| F|  |TAMS 0x0000000783200000, 0x0000000783200000| Untracked 
|  51|0x0000000783300000, 0x0000000783300000, 0x0000000783400000|  0%| F|  |TAMS 0x0000000783300000, 0x0000000783300000| Untracked 
|  52|0x0000000783400000, 0x0000000783400000, 0x0000000783500000|  0%| F|  |TAMS 0x0000000783400000, 0x0000000783400000| Untracked 
|  53|0x0000000783500000, 0x0000000783500000, 0x0000000783600000|  0%| F|  |TAMS 0x0000000783500000, 0x0000000783500000| Untracked 
|  54|0x0000000783600000, 0x0000000783600000, 0x0000000783700000|  0%| F|  |TAMS 0x0000000783600000, 0x0000000783600000| Untracked 
|  55|0x0000000783700000, 0x0000000783700000, 0x0000000783800000|  0%| F|  |TAMS 0x0000000783700000, 0x0000000783700000| Untracked 
|  56|0x0000000783800000, 0x0000000783800000, 0x0000000783900000|  0%| F|  |TAMS 0x0000000783800000, 0x0000000783800000| Untracked 
|  57|0x0000000783900000, 0x0000000783900000, 0x0000000783a00000|  0%| F|  |TAMS 0x0000000783900000, 0x0000000783900000| Untracked 
|  58|0x0000000783a00000, 0x0000000783a00000, 0x0000000783b00000|  0%| F|  |TAMS 0x0000000783a00000, 0x0000000783a00000| Untracked 
|  59|0x0000000783b00000, 0x0000000783b00000, 0x0000000783c00000|  0%| F|  |TAMS 0x0000000783b00000, 0x0000000783b00000| Untracked 
|  60|0x0000000783c00000, 0x0000000783c00000, 0x0000000783d00000|  0%| F|  |TAMS 0x0000000783c00000, 0x0000000783c00000| Untracked 
|  61|0x0000000783d00000, 0x0000000783d00000, 0x0000000783e00000|  0%| F|  |TAMS 0x0000000783d00000, 0x0000000783d00000| Untracked 
|  62|0x0000000783e00000, 0x0000000783e00000, 0x0000000783f00000|  0%| F|  |TAMS 0x0000000783e00000, 0x0000000783e00000| Untracked 
|  63|0x0000000783f00000, 0x0000000783f00000, 0x0000000784000000|  0%| F|  |TAMS 0x0000000783f00000, 0x0000000783f00000| Untracked 
|  64|0x0000000784000000, 0x0000000784000000, 0x0000000784100000|  0%| F|  |TAMS 0x0000000784000000, 0x0000000784000000| Untracked 
|  65|0x0000000784100000, 0x0000000784100000, 0x0000000784200000|  0%| F|  |TAMS 0x0000000784100000, 0x0000000784100000| Untracked 
|  66|0x0000000784200000, 0x0000000784200000, 0x0000000784300000|  0%| F|  |TAMS 0x0000000784200000, 0x0000000784200000| Untracked 
|  67|0x0000000784300000, 0x0000000784300000, 0x0000000784400000|  0%| F|  |TAMS 0x0000000784300000, 0x0000000784300000| Untracked 
|  68|0x0000000784400000, 0x0000000784400000, 0x0000000784500000|  0%| F|  |TAMS 0x0000000784400000, 0x0000000784400000| Untracked 
|  69|0x0000000784500000, 0x0000000784500000, 0x0000000784600000|  0%| F|  |TAMS 0x0000000784500000, 0x0000000784500000| Untracked 
|  70|0x0000000784600000, 0x0000000784600000, 0x0000000784700000|  0%| F|  |TAMS 0x0000000784600000, 0x0000000784600000| Untracked 
|  71|0x0000000784700000, 0x0000000784700000, 0x0000000784800000|  0%| F|  |TAMS 0x0000000784700000, 0x0000000784700000| Untracked 
|  72|0x0000000784800000, 0x0000000784800000, 0x0000000784900000|  0%| F|  |TAMS 0x0000000784800000, 0x0000000784800000| Untracked 
|  73|0x0000000784900000, 0x0000000784900000, 0x0000000784a00000|  0%| F|  |TAMS 0x0000000784900000, 0x0000000784900000| Untracked 
|  74|0x0000000784a00000, 0x0000000784a00000, 0x0000000784b00000|  0%| F|  |TAMS 0x0000000784a00000, 0x0000000784a00000| Untracked 
|  75|0x0000000784b00000, 0x0000000784b00000, 0x0000000784c00000|  0%| F|  |TAMS 0x0000000784b00000, 0x0000000784b00000| Untracked 
|  76|0x0000000784c00000, 0x0000000784c00000, 0x0000000784d00000|  0%| F|  |TAMS 0x0000000784c00000, 0x0000000784c00000| Untracked 
|  77|0x0000000784d00000, 0x0000000784d00000, 0x0000000784e00000|  0%| F|  |TAMS 0x0000000784d00000, 0x0000000784d00000| Untracked 
|  78|0x0000000784e00000, 0x0000000784e00000, 0x0000000784f00000|  0%| F|  |TAMS 0x0000000784e00000, 0x0000000784e00000| Untracked 
|  79|0x0000000784f00000, 0x0000000784f00000, 0x0000000785000000|  0%| F|  |TAMS 0x0000000784f00000, 0x0000000784f00000| Untracked 
|  80|0x0000000785000000, 0x0000000785000000, 0x0000000785100000|  0%| F|  |TAMS 0x0000000785000000, 0x0000000785000000| Untracked 
|  81|0x0000000785100000, 0x0000000785100000, 0x0000000785200000|  0%| F|  |TAMS 0x0000000785100000, 0x0000000785100000| Untracked 
|  82|0x0000000785200000, 0x0000000785200000, 0x0000000785300000|  0%| F|  |TAMS 0x0000000785200000, 0x0000000785200000| Untracked 
|  83|0x0000000785300000, 0x0000000785300000, 0x0000000785400000|  0%| F|  |TAMS 0x0000000785300000, 0x0000000785300000| Untracked 
|  84|0x0000000785400000, 0x0000000785400000, 0x0000000785500000|  0%| F|  |TAMS 0x0000000785400000, 0x0000000785400000| Untracked 
|  85|0x0000000785500000, 0x0000000785500000, 0x0000000785600000|  0%| F|  |TAMS 0x0000000785500000, 0x0000000785500000| Untracked 
|  86|0x0000000785600000, 0x0000000785600000, 0x0000000785700000|  0%| F|  |TAMS 0x0000000785600000, 0x0000000785600000| Untracked 
|  87|0x0000000785700000, 0x0000000785700000, 0x0000000785800000|  0%| F|  |TAMS 0x0000000785700000, 0x0000000785700000| Untracked 
|  88|0x0000000785800000, 0x0000000785800000, 0x0000000785900000|  0%| F|  |TAMS 0x0000000785800000, 0x0000000785800000| Untracked 
|  89|0x0000000785900000, 0x0000000785900000, 0x0000000785a00000|  0%| F|  |TAMS 0x0000000785900000, 0x0000000785900000| Untracked 
|  90|0x0000000785a00000, 0x0000000785a00000, 0x0000000785b00000|  0%| F|  |TAMS 0x0000000785a00000, 0x0000000785a00000| Untracked 
|  91|0x0000000785b00000, 0x0000000785b00000, 0x0000000785c00000|  0%| F|  |TAMS 0x0000000785b00000, 0x0000000785b00000| Untracked 
|  92|0x0000000785c00000, 0x0000000785c00000, 0x0000000785d00000|  0%| F|  |TAMS 0x0000000785c00000, 0x0000000785c00000| Untracked 
|  93|0x0000000785d00000, 0x0000000785d00000, 0x0000000785e00000|  0%| F|  |TAMS 0x0000000785d00000, 0x0000000785d00000| Untracked 
|  94|0x0000000785e00000, 0x0000000785e00000, 0x0000000785f00000|  0%| F|  |TAMS 0x0000000785e00000, 0x0000000785e00000| Untracked 
|  95|0x0000000785f00000, 0x0000000785f00000, 0x0000000786000000|  0%| F|  |TAMS 0x0000000785f00000, 0x0000000785f00000| Untracked 
|  96|0x0000000786000000, 0x0000000786000000, 0x0000000786100000|  0%| F|  |TAMS 0x0000000786000000, 0x0000000786000000| Untracked 
|  97|0x0000000786100000, 0x0000000786100000, 0x0000000786200000|  0%| F|  |TAMS 0x0000000786100000, 0x0000000786100000| Untracked 
|  98|0x0000000786200000, 0x0000000786200000, 0x0000000786300000|  0%| F|  |TAMS 0x0000000786200000, 0x0000000786200000| Untracked 
|  99|0x0000000786300000, 0x0000000786400000, 0x0000000786400000|100%| S|CS|TAMS 0x0000000786300000, 0x0000000786300000| Complete 
| 100|0x0000000786400000, 0x0000000786500000, 0x0000000786500000|100%| S|CS|TAMS 0x0000000786400000, 0x0000000786400000| Complete 
| 101|0x0000000786500000, 0x0000000786600000, 0x0000000786600000|100%| S|CS|TAMS 0x0000000786500000, 0x0000000786500000| Complete 
| 102|0x0000000786600000, 0x0000000786700000, 0x0000000786700000|100%| S|CS|TAMS 0x0000000786600000, 0x0000000786600000| Complete 
| 103|0x0000000786700000, 0x0000000786700000, 0x0000000786800000|  0%| F|  |TAMS 0x0000000786700000, 0x0000000786700000| Untracked 
| 104|0x0000000786800000, 0x0000000786800000, 0x0000000786900000|  0%| F|  |TAMS 0x0000000786800000, 0x0000000786800000| Untracked 
| 105|0x0000000786900000, 0x0000000786900000, 0x0000000786a00000|  0%| F|  |TAMS 0x0000000786900000, 0x0000000786900000| Untracked 
| 106|0x0000000786a00000, 0x0000000786a00000, 0x0000000786b00000|  0%| F|  |TAMS 0x0000000786a00000, 0x0000000786a00000| Untracked 
| 107|0x0000000786b00000, 0x0000000786b00000, 0x0000000786c00000|  0%| F|  |TAMS 0x0000000786b00000, 0x0000000786b00000| Untracked 
| 108|0x0000000786c00000, 0x0000000786c00000, 0x0000000786d00000|  0%| F|  |TAMS 0x0000000786c00000, 0x0000000786c00000| Untracked 
| 109|0x0000000786d00000, 0x0000000786d00000, 0x0000000786e00000|  0%| F|  |TAMS 0x0000000786d00000, 0x0000000786d00000| Untracked 
| 110|0x0000000786e00000, 0x0000000786e00000, 0x0000000786f00000|  0%| F|  |TAMS 0x0000000786e00000, 0x0000000786e00000| Untracked 
| 111|0x0000000786f00000, 0x0000000786f00000, 0x0000000787000000|  0%| F|  |TAMS 0x0000000786f00000, 0x0000000786f00000| Untracked 
| 112|0x0000000787000000, 0x0000000787000000, 0x0000000787100000|  0%| F|  |TAMS 0x0000000787000000, 0x0000000787000000| Untracked 
| 113|0x0000000787100000, 0x0000000787100000, 0x0000000787200000|  0%| F|  |TAMS 0x0000000787100000, 0x0000000787100000| Untracked 
| 114|0x0000000787200000, 0x0000000787200000, 0x0000000787300000|  0%| F|  |TAMS 0x0000000787200000, 0x0000000787200000| Untracked 
| 115|0x0000000787300000, 0x0000000787300000, 0x0000000787400000|  0%| F|  |TAMS 0x0000000787300000, 0x0000000787300000| Untracked 
| 116|0x0000000787400000, 0x0000000787400000, 0x0000000787500000|  0%| F|  |TAMS 0x0000000787400000, 0x0000000787400000| Untracked 
| 117|0x0000000787500000, 0x0000000787500000, 0x0000000787600000|  0%| F|  |TAMS 0x0000000787500000, 0x0000000787500000| Untracked 
| 118|0x0000000787600000, 0x0000000787600000, 0x0000000787700000|  0%| F|  |TAMS 0x0000000787600000, 0x0000000787600000| Untracked 
| 119|0x0000000787700000, 0x0000000787700000, 0x0000000787800000|  0%| F|  |TAMS 0x0000000787700000, 0x0000000787700000| Untracked 
| 120|0x0000000787800000, 0x0000000787800000, 0x0000000787900000|  0%| F|  |TAMS 0x0000000787800000, 0x0000000787800000| Untracked 
| 121|0x0000000787900000, 0x0000000787900000, 0x0000000787a00000|  0%| F|  |TAMS 0x0000000787900000, 0x0000000787900000| Untracked 
| 122|0x0000000787a00000, 0x0000000787a7c5d0, 0x0000000787b00000| 48%| E|  |TAMS 0x0000000787a00000, 0x0000000787a00000| Complete 
| 123|0x0000000787b00000, 0x0000000787c00000, 0x0000000787c00000|100%| E|CS|TAMS 0x0000000787b00000, 0x0000000787b00000| Complete 
| 124|0x0000000787c00000, 0x0000000787d00000, 0x0000000787d00000|100%| E|CS|TAMS 0x0000000787c00000, 0x0000000787c00000| Complete 
| 125|0x0000000787d00000, 0x0000000787e00000, 0x0000000787e00000|100%| E|CS|TAMS 0x0000000787d00000, 0x0000000787d00000| Complete 
| 126|0x0000000787e00000, 0x0000000787f00000, 0x0000000787f00000|100%| E|CS|TAMS 0x0000000787e00000, 0x0000000787e00000| Complete 
| 127|0x0000000787f00000, 0x0000000788000000, 0x0000000788000000|100%| E|CS|TAMS 0x0000000787f00000, 0x0000000787f00000| Complete 

Card table byte_map: [0x000000010787a000,0x0000000107c7a000] _byte_map_base: 0x0000000103c7a000

Marking Bits (Prev, Next): (CMBitMap*) 0x00007fe7a0026a50, (CMBitMap*) 0x00007fe7a0026a18
 Prev Bits: [0x00000001238ee000, 0x00000001258ee000)
 Next Bits: [0x00000001218ee000, 0x00000001238ee000)

Polling page: 0x0000000107172000

Metaspace:

Usage:
  Non-class:     24,86 MB capacity,    24,27 MB ( 98%) used,   472,48 KB (  2%) free+waste,   126,62 KB ( <1%) overhead. 
      Class:      3,81 MB capacity,     3,35 MB ( 88%) used,   411,09 KB ( 11%) free+waste,    62,31 KB (  2%) overhead. 
       Both:     28,67 MB capacity,    27,62 MB ( 96%) used,   883,56 KB (  3%) free+waste,   188,94 KB ( <1%) overhead. 

Virtual space:
  Non-class space:       26,00 MB reserved,      25,00 MB ( 96%) committed 
      Class space:        1,00 GB reserved,       3,88 MB ( <1%) committed 
             Both:        1,03 GB reserved,      28,88 MB (  3%) committed 

Chunk freelists:
   Non-Class:  56,00 KB
       Class:  0 bytes
        Both:  56,00 KB

MaxMetaspaceSize: unlimited
CompressedClassSpaceSize: 1,00 GB
Initial GC threshold: 20,80 MB
Current GC threshold: 35,20 MB
CDS: off

CodeHeap 'non-profiled nmethods': size=120032Kb used=1543Kb max_used=1543Kb free=118488Kb
 bounds [0x000000011a3b6000, 0x000000011a626000, 0x00000001218ee000]
CodeHeap 'profiled nmethods': size=120032Kb used=7392Kb max_used=7392Kb free=112639Kb
 bounds [0x0000000112e7e000, 0x00000001135be000, 0x000000011a3b6000]
CodeHeap 'non-nmethods': size=5696Kb used=1505Kb max_used=1542Kb free=4190Kb
 bounds [0x00000001128ee000, 0x0000000112b5e000, 0x0000000112e7e000]
 total_blobs=4410 nmethods=3622 adapters=708
 compilation: enabled
              stopped_count=0, restarted_count=0
 full_count=0

Compilation events (20 events):
Event: 26,565 Thread 0x00007fe7a00ac000 nmethod 3662 0x00000001135a8310 code [0x00000001135a8560, 0x00000001135a8d50]
Event: 26,565 Thread 0x00007fe7a00ac000 3652       3       javafx.scene.Node$StyleableProperties$15::isSettable (9 bytes)
Event: 26,565 Thread 0x00007fe7a00ac000 nmethod 3652 0x00000001135a8f90 code [0x00000001135a9160, 0x00000001135a95d0]
Event: 26,565 Thread 0x00007fe7a00ac000 3653       3       javafx.scene.Node$StyleableProperties$15::isSettable (23 bytes)
Event: 26,567 Thread 0x00007fe7a00ac000 nmethod 3653 0x00000001135a9710 code [0x00000001135a98e0, 0x00000001135a9bf0]
Event: 26,567 Thread 0x00007fe7a00ac000 3654       3       javafx.scene.Node$StyleableProperties$11::isSettable (9 bytes)
Event: 26,568 Thread 0x00007fe7a00ac000 nmethod 3654 0x00000001135a9d10 code [0x00000001135a9f00, 0x00000001135aa4d0]
Event: 26,568 Thread 0x00007fe7a00ac000 3655       3       javafx.scene.Node$StyleableProperties$11::isSettable (33 bytes)
Event: 26,568 Thread 0x00007fe7a00ac000 nmethod 3655 0x00000001135aa690 code [0x00000001135aa860, 0x00000001135aacd0]
Event: 26,569 Thread 0x00007fe7a00ac000 3656       3       javafx.scene.Node$StyleableProperties$12::isSettable (9 bytes)
Event: 26,570 Thread 0x00007fe7a00ac000 nmethod 3656 0x00000001135aae10 code [0x00000001135ab000, 0x00000001135ab5d0]
Event: 26,570 Thread 0x00007fe7a00ac000 3657       3       javafx.scene.Node$StyleableProperties$12::isSettable (33 bytes)
Event: 26,571 Thread 0x00007fe7a00ac000 nmethod 3657 0x00000001135ab790 code [0x00000001135ab960, 0x00000001135abdd0]
Event: 26,571 Thread 0x00007fe7a00ac000 3658       3       javafx.scene.Node$StyleableProperties$10::isSettable (9 bytes)
Event: 26,572 Thread 0x00007fe7a00ac000 nmethod 3658 0x00000001135abf10 code [0x00000001135ac100, 0x00000001135ac6d0]
Event: 26,572 Thread 0x00007fe7a00ac000 3659       3       javafx.scene.Node$StyleableProperties$10::isSettable (33 bytes)
Event: 26,573 Thread 0x00007fe7a00ac000 nmethod 3659 0x00000001135ac890 code [0x00000001135aca60, 0x00000001135aced0]
Event: 26,573 Thread 0x00007fe7a00ac000 3660       3       javafx.scene.Node$StyleableProperties$13::isSettable (9 bytes)
Event: 26,574 Thread 0x00007fe7a00ac000 nmethod 3660 0x00000001135ad010 code [0x00000001135ad1e0, 0x00000001135ad420]
Event: 26,574 Thread 0x00007fe7a00ac000 3661       3       javafx.scene.Node$StyleableProperties$13::isSettable (36 bytes)

GC Heap History (6 events):
Event: 2,023 GC heap before
{Heap before GC invocations=0 (full 0):
 garbage-first heap   total 131072K, used 13312K [0x0000000780000000, 0x0000000800000000)
  region size 1024K, 14 young (14336K), 0 survivors (0K)
 Metaspace       used 10099K, capacity 10378K, committed 10624K, reserved 1058816K
  class space    used 1002K, capacity 1101K, committed 1152K, reserved 1048576K
}
Event: 2,047 GC heap after
{Heap after GC invocations=1 (full 0):
 garbage-first heap   total 131072K, used 2797K [0x0000000780000000, 0x0000000800000000)
  region size 1024K, 2 young (2048K), 2 survivors (2048K)
 Metaspace       used 10099K, capacity 10378K, committed 10624K, reserved 1058816K
  class space    used 1002K, capacity 1101K, committed 1152K, reserved 1048576K
}
Event: 7,205 GC heap before
{Heap before GC invocations=1 (full 0):
 garbage-first heap   total 131072K, used 33517K [0x0000000780000000, 0x0000000800000000)
  region size 1024K, 31 young (31744K), 2 survivors (2048K)
 Metaspace       used 20466K, capacity 21070K, committed 21296K, reserved 1069056K
  class space    used 2410K, capacity 2669K, committed 2688K, reserved 1048576K
}
Event: 7,218 GC heap after
{Heap after GC invocations=2 (full 0):
 garbage-first heap   total 131072K, used 8842K [0x0000000780000000, 0x0000000800000000)
  region size 1024K, 6 young (6144K), 6 survivors (6144K)
 Metaspace       used 20466K, capacity 21070K, committed 21296K, reserved 1069056K
  class space    used 2410K, capacity 2669K, committed 2688K, reserved 1048576K
}
Event: 23,125 GC heap before
{Heap before GC invocations=3 (full 0):
 garbage-first heap   total 131072K, used 34442K [0x0000000780000000, 0x0000000800000000)
  region size 1024K, 31 young (31744K), 6 survivors (6144K)
 Metaspace       used 27939K, capacity 28992K, committed 29312K, reserved 1075200K
  class space    used 3422K, capacity 3867K, committed 3968K, reserved 1048576K
}
Event: 23,154 GC heap after
{Heap after GC invocations=4 (full 0):
 garbage-first heap   total 131072K, used 12925K [0x0000000780000000, 0x0000000800000000)
  region size 1024K, 4 young (4096K), 4 survivors (4096K)
 Metaspace       used 27939K, capacity 28992K, committed 29312K, reserved 1075200K
  class space    used 3422K, capacity 3867K, committed 3968K, reserved 1048576K
}

Deoptimization events (20 events):
Event: 25,872 Thread 0x00007fe7a285d800 Uncommon trap: trap_request=0xffffff4d fr.pc=0x000000011a51af6c relative=0x00000000000005ec
Event: 25,872 Thread 0x00007fe7a285d800 Uncommon trap: reason=unstable_if action=reinterpret pc=0x000000011a51af6c method=java.util.HashMap.removeNode(ILjava/lang/Object;Ljava/lang/Object;ZZ)Ljava/util/HashMap$Node; @ 46 c2
Event: 25,872 Thread 0x00007fe7a285d800 DEOPT PACKING pc=0x000000011a51af6c sp=0x00007ff7b8ec63d0
Event: 25,872 Thread 0x00007fe7a285d800 DEOPT UNPACKING pc=0x0000000112937ea5 sp=0x00007ff7b8ec6368 mode 2
Event: 26,506 Thread 0x00007fe7a285d800 Uncommon trap: trap_request=0xffffffbe fr.pc=0x000000011a520728 relative=0x00000000000019e8
Event: 26,506 Thread 0x00007fe7a285d800 Uncommon trap: reason=profile_predicate action=maybe_recompile pc=0x000000011a520728 method=javafx.css.CompoundSelector.applies(Ljavafx/css/Styleable;I[Ljava/util/Set;I)Z @ 103 c2
Event: 26,506 Thread 0x00007fe7a285d800 DEOPT PACKING pc=0x000000011a520728 sp=0x00007ff7b8ec4c90
Event: 26,506 Thread 0x00007fe7a285d800 DEOPT UNPACKING pc=0x0000000112937ea5 sp=0x00007ff7b8ec4cb0 mode 2
Event: 26,506 Thread 0x00007fe7a285d800 Uncommon trap: trap_request=0xffffffbe fr.pc=0x000000011a520728 relative=0x00000000000019e8
Event: 26,506 Thread 0x00007fe7a285d800 Uncommon trap: reason=profile_predicate action=maybe_recompile pc=0x000000011a520728 method=javafx.css.CompoundSelector.applies(Ljavafx/css/Styleable;I[Ljava/util/Set;I)Z @ 103 c2
Event: 26,506 Thread 0x00007fe7a285d800 DEOPT PACKING pc=0x000000011a520728 sp=0x00007ff7b8ec4c90
Event: 26,506 Thread 0x00007fe7a285d800 DEOPT UNPACKING pc=0x0000000112937ea5 sp=0x00007ff7b8ec4cb0 mode 2
Event: 26,506 Thread 0x00007fe7a285d800 Uncommon trap: trap_request=0xffffffbe fr.pc=0x000000011a520728 relative=0x00000000000019e8
Event: 26,506 Thread 0x00007fe7a285d800 Uncommon trap: reason=profile_predicate action=maybe_recompile pc=0x000000011a520728 method=javafx.css.CompoundSelector.applies(Ljavafx/css/Styleable;I[Ljava/util/Set;I)Z @ 103 c2
Event: 26,506 Thread 0x00007fe7a285d800 DEOPT PACKING pc=0x000000011a520728 sp=0x00007ff7b8ec4c90
Event: 26,506 Thread 0x00007fe7a285d800 DEOPT UNPACKING pc=0x0000000112937ea5 sp=0x00007ff7b8ec4cb0 mode 2
Event: 26,506 Thread 0x00007fe7a285d800 Uncommon trap: trap_request=0xffffffbe fr.pc=0x000000011a520728 relative=0x00000000000019e8
Event: 26,506 Thread 0x00007fe7a285d800 Uncommon trap: reason=profile_predicate action=maybe_recompile pc=0x000000011a520728 method=javafx.css.CompoundSelector.applies(Ljavafx/css/Styleable;I[Ljava/util/Set;I)Z @ 103 c2
Event: 26,506 Thread 0x00007fe7a285d800 DEOPT PACKING pc=0x000000011a520728 sp=0x00007ff7b8ec4c90
Event: 26,506 Thread 0x00007fe7a285d800 DEOPT UNPACKING pc=0x0000000112937ea5 sp=0x00007ff7b8ec4cb0 mode 2

Classes redefined (0 events):
No events

Internal exceptions (20 events):
Event: 2,629 Thread 0x00007fe7a285d800 Exception <a 'java/lang/NoSuchMethodError'{0x00000007879621c0}: 'java.lang.Object java.lang.invoke.DirectMethodHandle$Holder.invokeSpecial(java.lang.Object, java.lang.Object, java.lang.Object, int, java.lang.Object)'> (0x00000007879621c0) thrown at [./src/hotspot/share/interpreter/linkResolver.cpp, line 773]
Event: 2,670 Thread 0x00007fe7a285d800 Exception <a 'java/lang/NoSuchMethodError'{0x000000078796c168}: 'java.lang.Object java.lang.invoke.Invokers$Holder.linkToTargetMethod(java.lang.Object, int, java.lang.Object, java.lang.Object)'> (0x000000078796c168) thrown at [./src/hotspot/share/interpreter/linkResolver.cpp, line 773]
Event: 3,020 Thread 0x00007fe7a285d800 Exception <a 'java/lang/NoSuchMethodError'{0x00000007874c6200}: 'void java.lang.invoke.DirectMethodHandle$Holder.invokeStaticInit(java.lang.Object, java.lang.Object)'> (0x00000007874c6200) thrown at [./src/hotspot/share/interpreter/linkResolver.cpp, line 773]
Event: 3,787 Thread 0x00007fe7a285d800 Exception <a 'java/lang/NoSuchMethodError'{0x0000000786aabc30}: 'java.lang.Object java.lang.invoke.Invokers$Holder.linkToTargetMethod(java.lang.Object, int, java.lang.Object)'> (0x0000000786aabc30) thrown at [./src/hotspot/share/interpreter/linkResolver.cpp, line 773]
Event: 3,813 Thread 0x00007fe7a285d800 Exception <a 'java/lang/NoSuchMethodError'{0x000000078695be30}: 'java.lang.Object java.lang.invoke.DirectMethodHandle$Holder.invokeInterface(java.lang.Object, java.lang.Object, java.lang.Object)'> (0x000000078695be30) thrown at [./src/hotspot/share/interpreter/linkResolver.cpp, line 773]
Event: 3,813 Thread 0x00007fe7a285d800 Exception <a 'java/lang/IncompatibleClassChangeError'{0x000000078695efe8}: Found class java.lang.Object, but interface was expected> (0x000000078695efe8) thrown at [./src/hotspot/share/interpreter/linkResolver.cpp, line 839]
Event: 4,135 Thread 0x00007fe7a11ea800 Exception <a 'java/lang/NoSuchMethodError'{0x00000007867dd9b8}: 'int java.lang.invoke.DirectMethodHandle$Holder.invokeStaticInit(java.lang.Object, java.lang.Object)'> (0x00000007867dd9b8) thrown at [./src/hotspot/share/interpreter/linkResolver.cpp, line 773]
Event: 4,784 Thread 0x00007fe7a285d800 Exception <a 'java/lang/NoSuchMethodError'{0x000000078675e278}: 'java.lang.Object java.lang.invoke.DirectMethodHandle$Holder.invokeStatic(java.lang.Object, java.lang.Object, long, int, int, int)'> (0x000000078675e278) thrown at [./src/hotspot/share/interpreter/linkResolver.cpp, line 773]
Event: 4,787 Thread 0x00007fe7a285d800 Exception <a 'java/lang/NoSuchMethodError'{0x0000000786771ee0}: 'java.lang.Object java.lang.invoke.DirectMethodHandle$Holder.invokeStatic(java.lang.Object, java.lang.Object, int, java.lang.Object, long, int, int, int, int)'> (0x0000000786771ee0) thrown at [./src/hotspot/share/interpreter/linkResolver.cpp, line 773]
Event: 7,018 Thread 0x00007fe7a285d800 Exception <a 'java/lang/NoSuchMethodError'{0x0000000786269f58}: 'long java.lang.invoke.DirectMethodHandle$Holder.invokeStaticInit(java.lang.Object, java.lang.Object, java.lang.Object)'> (0x0000000786269f58) thrown at [./src/hotspot/share/interpreter/linkResolver.cpp, line 773]
Event: 7,021 Thread 0x00007fe7a285d800 Exception <a 'java/lang/NoSuchMethodError'{0x00000007862827f0}: 'java.lang.Object java.lang.invoke.DirectMethodHandle$Holder.invokeStatic(java.lang.Object, java.lang.Object, long)'> (0x00000007862827f0) thrown at [./src/hotspot/share/interpreter/linkResolver.cpp, line 773]
Event: 7,021 Thread 0x00007fe7a285d800 Exception <a 'java/lang/NoSuchMethodError'{0x0000000786288968}: 'java.lang.Object java.lang.invoke.Invokers$Holder.linkToTargetMethod(java.lang.Object, long, java.lang.Object)'> (0x0000000786288968) thrown at [./src/hotspot/share/interpreter/linkResolver.cpp, line 773]
Event: 7,201 Thread 0x00007fe7a285d800 Exception <a 'java/lang/NoSuchMethodError'{0x000000078617fb50}: 'void java.lang.invoke.DirectMethodHandle$Holder.invokeSpecial(java.lang.Object, java.lang.Object, java.lang.Object, java.lang.Object)'> (0x000000078617fb50) thrown at [./src/hotspot/share/interpreter/linkResolver.cpp, line 773]
Event: 7,464 Thread 0x00007fe7a285d800 Exception <a 'java/lang/NoSuchMethodError'{0x0000000787cb2e88}: 'java.lang.Object java.lang.invoke.DirectMethodHandle$Holder.invokeStaticInit(java.lang.Object, java.lang.Object, java.lang.Object)'> (0x0000000787cb2e88) thrown at [./src/hotspot/share/interpreter/linkResolver.cpp, line 773]
Event: 8,069 Thread 0x00007fe7a285d800 Exception <a 'java/lang/NoSuchMethodError'{0x0000000787214ea0}: 'void java.lang.invoke.DirectMethodHandle$Holder.invokeSpecial(java.lang.Object, java.lang.Object, java.lang.Object, java.lang.Object, java.lang.Object, java.lang.Object)'> (0x0000000787214ea0) thrown at [./src/hotspot/share/interpreter/linkResolver.cpp, line 773]
Event: 8,188 Thread 0x00007fe7a285d800 Exception <a 'java/lang/NoSuchMethodError'{0x0000000786f041b0}: 'void java.lang.invoke.DirectMethodHandle$Holder.invokeSpecialIFC(java.lang.Object, java.lang.Object, java.lang.Object, java.lang.Object)'> (0x0000000786f041b0) thrown at [./src/hotspot/share/interpreter/linkResolver.cpp, line 773]
Event: 22,221 Thread 0x00007fe7a285d800 Exception <a 'java/lang/NoSuchMethodError'{0x0000000786834290}: 'java.lang.Object java.lang.invoke.DirectMethodHandle$Holder.invokeStatic(java.lang.Object, java.lang.Object, int, java.lang.Object, double, double, int, int, int, int, int, int, int)'> (0x0000000786834290) thrown at [./src/hotspot/share/interpreter/linkResolver.cpp, line 773]
Event: 23,051 Thread 0x00007fe7a285d800 Implicit null exception at 0x000000011a5000a3 to 0x000000011a500a40
Event: 23,102 Thread 0x00007fe7a11ea800 Exception <a 'java/lang/NoSuchMethodError'{0x0000000786969b58}: 'java.lang.Object java.lang.invoke.DirectMethodHandle$Holder.invokeStaticInit(java.lang.Object, int)'> (0x0000000786969b58) thrown at [./src/hotspot/share/interpreter/linkResolver.cpp, line 773]
Event: 24,135 Thread 0x00007fe7a285d800 Implicit null exception at 0x000000011a511332 to 0x000000011a5113ac

Events (20 events):
Event: 24,159 Loaded shared library /Users/acg/.openjfx/cache/11/libprism_es2.dylib
Event: 24,270 loading class com/sun/javafx/tk/quantum/GlassScene
Event: 24,270 loading class com/sun/javafx/tk/quantum/GlassScene done
Event: 24,270 loading class com/sun/javafx/tk/quantum/WindowStage
Event: 24,270 loading class com/sun/javafx/tk/quantum/WindowStage done
Event: 24,271 loading class com/sun/prism/GraphicsResource
Event: 24,271 loading class com/sun/prism/GraphicsResource done
Event: 24,271 loading class com/sun/prism/GraphicsResource
Event: 24,271 loading class com/sun/prism/GraphicsResource done
Event: 24,272 loading class com/sun/javafx/tk/quantum/ViewScene
Event: 24,272 loading class com/sun/javafx/tk/quantum/ViewScene done
Event: 24,272 loading class com/sun/javafx/tk/quantum/WindowStage
Event: 24,272 loading class com/sun/javafx/tk/quantum/WindowStage done
Event: 25,044 Executing VM operation: RevokeBias
Event: 25,045 Executing VM operation: RevokeBias done
Event: 25,437 Loaded shared library /Users/acg/.openjfx/cache/11/libprism_es2.dylib
Event: 25,773 Loaded shared library /Users/acg/.openjfx/cache/11/libprism_es2.dylib
Event: 25,775 Loaded shared library /Users/acg/.openjfx/cache/11/libprism_es2.dylib
Event: 26,569 Executing VM operation: RevokeBias
Event: 26,570 Executing VM operation: RevokeBias done


Dynamic libraries:
0x0000000107153000 	/Library/Java/JavaVirtualMachines/temurin-11.jdk/Contents/Home/lib/jli/libjli.dylib
0x00007ff822128000 	/System/Library/Frameworks/Cocoa.framework/Versions/A/Cocoa
0x00007ff80df66000 	/System/Library/Frameworks/AppKit.framework/Versions/C/AppKit
0x00007ff811453000 	/System/Library/Frameworks/CoreData.framework/Versions/A/CoreData
0x00007ff80c381000 	/System/Library/Frameworks/Foundation.framework/Versions/C/Foundation
0x00007ff8162c8000 	/usr/lib/libSystem.B.dylib
0x00007ff80edf3000 	/System/Library/PrivateFrameworks/UIFoundation.framework/Versions/A/UIFoundation
0x00007ff81c100000 	/System/Library/PrivateFrameworks/RemoteViewServices.framework/Versions/A/RemoteViewServices
0x00007ff814474000 	/System/Library/PrivateFrameworks/XCTTargetBootstrap.framework/Versions/A/XCTTargetBootstrap
0x00007ff8180d7000 	/System/Library/PrivateFrameworks/InternationalSupport.framework/Versions/A/InternationalSupport
0x00007ff818161000 	/System/Library/PrivateFrameworks/UserActivity.framework/Versions/A/UserActivity
0x00007ff8174b7000 	/usr/lib/libspindump.dylib
0x00007ff80f081000 	/System/Library/Frameworks/UniformTypeIdentifiers.framework/Versions/A/UniformTypeIdentifiers
0x00007ff812bb3000 	/usr/lib/libapp_launch_measurement.dylib
0x00007ff811e1d000 	/System/Library/PrivateFrameworks/CoreAnalytics.framework/Versions/A/CoreAnalytics
0x00007ff812bb6000 	/System/Library/PrivateFrameworks/CoreAutoLayout.framework/Versions/A/CoreAutoLayout
0x00007ff813dd5000 	/System/Library/Frameworks/Metal.framework/Versions/A/Metal
0x00007ff814aea000 	/usr/lib/liblangid.dylib
0x00007ff814478000 	/System/Library/PrivateFrameworks/CoreSVG.framework/Versions/A/CoreSVG
0x00007ff810443000 	/System/Library/PrivateFrameworks/SkyLight.framework/Versions/A/SkyLight
0x00007ff8107d4000 	/System/Library/Frameworks/CoreGraphics.framework/Versions/A/CoreGraphics
0x00007ff81c76b000 	/System/Library/Frameworks/Accelerate.framework/Versions/A/Accelerate
0x00007ff816f32000 	/System/Library/PrivateFrameworks/IconServices.framework/Versions/A/IconServices
0x00007ff813dba000 	/System/Library/Frameworks/IOSurface.framework/Versions/A/IOSurface
0x00007ff811e4b000 	/usr/lib/libDiagnosticMessagesClient.dylib
0x00007ff8161e8000 	/usr/lib/libz.1.dylib
0x00007ff81fdca000 	/System/Library/Frameworks/ApplicationServices.framework/Versions/A/ApplicationServices
0x00007ff814460000 	/System/Library/PrivateFrameworks/DFRFoundation.framework/Versions/A/DFRFoundation
0x00007ff80d857000 	/usr/lib/libicucore.A.dylib
0x00007ff818df9000 	/System/Library/Frameworks/AudioToolbox.framework/Versions/A/AudioToolbox
0x00007ff8180e3000 	/System/Library/PrivateFrameworks/DataDetectorsCore.framework/Versions/A/DataDetectorsCore
0x00007ff913929000 	/System/Library/PrivateFrameworks/TextInput.framework/Versions/A/TextInput
0x00007ff8103c6000 	/usr/lib/libMobileGestalt.dylib
0x00007ff814168000 	/System/Library/Frameworks/Carbon.framework/Versions/A/Frameworks/HIToolbox.framework/Versions/A/HIToolbox
0x00007ff8125e1000 	/System/Library/Frameworks/QuartzCore.framework/Versions/A/QuartzCore
0x00007ff80d4f8000 	/System/Library/Frameworks/Security.framework/Versions/A/Security
0x00007ff81c138000 	/System/Library/Frameworks/Carbon.framework/Versions/A/Frameworks/SpeechRecognition.framework/Versions/A/SpeechRecognition
0x00007ff812913000 	/System/Library/PrivateFrameworks/CoreUI.framework/Versions/A/CoreUI
0x00007ff80cdd2000 	/System/Library/Frameworks/CoreAudio.framework/Versions/A/CoreAudio
0x00007ff811f39000 	/System/Library/Frameworks/DiskArbitration.framework/Versions/A/DiskArbitration
0x00007ff81789e000 	/System/Library/PrivateFrameworks/MultitouchSupport.framework/Versions/A/MultitouchSupport
0x00007ff8103c5000 	/usr/lib/libenergytrace.dylib
0x00007ff80de52000 	/System/Library/Frameworks/IOKit.framework/Versions/A/IOKit
0x00007ff81c522000 	/System/Library/Frameworks/CoreServices.framework/Versions/A/CoreServices
0x00007ff812b4d000 	/System/Library/PrivateFrameworks/PerformanceAnalysis.framework/Versions/A/PerformanceAnalysis
0x00007ffa22eea000 	/System/Library/Frameworks/OpenGL.framework/Versions/A/OpenGL
0x00007ff815820000 	/System/Library/PrivateFrameworks/MobileKeyBag.framework/Versions/A/MobileKeyBag
0x00007ff80b342000 	/usr/lib/libobjc.A.dylib
0x00007ff810ea0000 	/System/Library/Frameworks/ColorSync.framework/Versions/A/ColorSync
0x00007ff80b4fb000 	/System/Library/Frameworks/CoreFoundation.framework/Versions/A/CoreFoundation
0x00007ff8146f1000 	/System/Library/Frameworks/CoreImage.framework/Versions/A/CoreImage
0x00007ff80cbe8000 	/System/Library/Frameworks/CoreText.framework/Versions/A/CoreText
0x00007ff8144a7000 	/System/Library/Frameworks/ImageIO.framework/Versions/A/ImageIO
0x00007ff8162ce000 	/System/Library/PrivateFrameworks/SoftLinking.framework/Versions/A/SoftLinking
0x00007ff812bfe000 	/usr/lib/libxml2.2.dylib
0x00007ff80b408000 	/usr/lib/libc++.1.dylib
0x00007ff816551000 	/usr/lib/libcompression.dylib
0x00007ff81800d000 	/System/Library/PrivateFrameworks/TextureIO.framework/Versions/A/TextureIO
0x00007ff816c44000 	/usr/lib/libate.dylib
0x00007ff8162c3000 	/usr/lib/system/libcache.dylib
0x00007ff81627f000 	/usr/lib/system/libcommonCrypto.dylib
0x00007ff8162a8000 	/usr/lib/system/libcompiler_rt.dylib
0x00007ff81629e000 	/usr/lib/system/libcopyfile.dylib
0x00007ff80b23c000 	/usr/lib/system/libcorecrypto.dylib
0x00007ff80b2fb000 	/usr/lib/system/libdispatch.dylib
0x00007ff80b4ba000 	/usr/lib/system/libdyld.dylib
0x00007ff8162ba000 	/usr/lib/system/libkeymgr.dylib
0x00007ff81625d000 	/usr/lib/system/libmacho.dylib
0x00007ff8158f4000 	/usr/lib/system/libquarantine.dylib
0x00007ff8162b8000 	/usr/lib/system/libremovefile.dylib
0x00007ff810412000 	/usr/lib/system/libsystem_asl.dylib
0x00007ff80b1ea000 	/usr/lib/system/libsystem_blocks.dylib
0x00007ff80b37f000 	/usr/lib/system/libsystem_c.dylib
0x00007ff8162b0000 	/usr/lib/system/libsystem_collections.dylib
0x00007ff814adb000 	/usr/lib/system/libsystem_configuration.dylib
0x00007ff813d9d000 	/usr/lib/system/libsystem_containermanager.dylib
0x00007ff815f9c000 	/usr/lib/system/libsystem_coreservices.dylib
0x00007ff80dae0000 	/usr/lib/system/libsystem_darwin.dylib
0x00007ff8162bb000 	/usr/lib/system/libsystem_dnssd.dylib
0x00007ff80b37c000 	/usr/lib/system/libsystem_featureflags.dylib
0x00007ff80b4d0000 	/usr/lib/system/libsystem_info.dylib
0x00007ff8161fb000 	/usr/lib/system/libsystem_m.dylib
0x00007ff80b2cf000 	/usr/lib/system/libsystem_malloc.dylib
0x00007ff8103af000 	/usr/lib/system/libsystem_networkextension.dylib
0x00007ff80df08000 	/usr/lib/system/libsystem_notify.dylib
0x00007ff81c3f9000 	/usr/lib/system/libsystem_product_info_filter.dylib
0x00007ff814adf000 	/usr/lib/system/libsystem_sandbox.dylib
0x00007ff8162b5000 	/usr/lib/system/libsystem_secinit.dylib
0x00007ff80b477000 	/usr/lib/system/libsystem_kernel.dylib
0x00007ff80b4c6000 	/usr/lib/system/libsystem_platform.dylib
0x00007ff80b4ae000 	/usr/lib/system/libsystem_pthread.dylib
0x00007ff811c63000 	/usr/lib/system/libsystem_symptoms.dylib
0x00007ff80b223000 	/usr/lib/system/libsystem_trace.dylib
0x00007ff81628b000 	/usr/lib/system/libunwind.dylib
0x00007ff80b1ec000 	/usr/lib/system/libxpc.dylib
0x00007ff80b461000 	/usr/lib/libc++abi.dylib
0x00007ff816296000 	/usr/lib/liboah.dylib
0x00007ff816a22000 	/usr/lib/liblzma.5.dylib
0x00007ff80c092000 	/System/Library/Frameworks/SystemConfiguration.framework/Versions/A/SystemConfiguration
0x00007ff8162ca000 	/usr/lib/libfakelink.dylib
0x00007ff80ff19000 	/System/Library/Frameworks/CFNetwork.framework/Versions/A/CFNetwork
0x00007ff816409000 	/usr/lib/libarchive.2.dylib
0x00007ff814ae6000 	/System/Library/PrivateFrameworks/AppleSystemInfo.framework/Versions/A/AppleSystemInfo
0x00007ff81591a000 	/usr/lib/libbsm.0.dylib
0x00007ff80f550000 	/usr/lib/libnetwork.dylib
0x00007ff816263000 	/usr/lib/system/libkxld.dylib
0x00007ff815549000 	/System/Library/PrivateFrameworks/IOMobileFramebuffer.framework/Versions/A/IOMobileFramebuffer
0x00007ffb209d3000 	/usr/lib/libCoreEntitlements.dylib
0x00007ff815f7e000 	/System/Library/PrivateFrameworks/AppleFSCompression.framework/Versions/A/AppleFSCompression
0x00007ff815903000 	/usr/lib/libcoretls.dylib
0x00007ff816a3c000 	/usr/lib/libcoretls_cfhelpers.dylib
0x00007ff81654c000 	/usr/lib/libpam.2.dylib
0x00007ff811885000 	/usr/lib/libsqlite3.dylib
0x00007ff816aab000 	/usr/lib/libxar.1.dylib
0x00007ff815f8e000 	/usr/lib/libbz2.1.0.dylib
0x00007ff8162cf000 	/usr/lib/libpcap.A.dylib
0x00007ff811c5a000 	/usr/lib/libdns_services.dylib
0x00007ff81651b000 	/usr/lib/libapple_nghttp2.dylib
0x00007ff816306000 	/usr/lib/libiconv.2.dylib
0x00007ff81625c000 	/usr/lib/libcharset.1.dylib
0x00007ff812b81000 	/System/Library/Frameworks/CoreServices.framework/Versions/A/Frameworks/FSEvents.framework/Versions/A/FSEvents
0x00007ff80daea000 	/System/Library/Frameworks/CoreServices.framework/Versions/A/Frameworks/CarbonCore.framework/Versions/A/CarbonCore
0x00007ff811e9e000 	/System/Library/Frameworks/CoreServices.framework/Versions/A/Frameworks/Metadata.framework/Versions/A/Metadata
0x00007ff815fa1000 	/System/Library/Frameworks/CoreServices.framework/Versions/A/Frameworks/OSServices.framework/Versions/A/OSServices
0x00007ff81648f000 	/System/Library/Frameworks/CoreServices.framework/Versions/A/Frameworks/SearchKit.framework/Versions/A/SearchKit
0x00007ff811bec000 	/System/Library/Frameworks/CoreServices.framework/Versions/A/Frameworks/AE.framework/Versions/A/AE
0x00007ff80b9fe000 	/System/Library/Frameworks/CoreServices.framework/Versions/A/Frameworks/LaunchServices.framework/Versions/A/LaunchServices
0x00007ff8169d3000 	/System/Library/Frameworks/CoreServices.framework/Versions/A/Frameworks/DictionaryServices.framework/Versions/A/DictionaryServices
0x00007ff812b8e000 	/System/Library/Frameworks/CoreServices.framework/Versions/A/Frameworks/SharedFileList.framework/Versions/A/SharedFileList
0x00007ff8158f7000 	/usr/lib/libCheckFix.dylib
0x00007ff810429000 	/System/Library/PrivateFrameworks/TCC.framework/Versions/A/TCC
0x00007ff814aec000 	/System/Library/PrivateFrameworks/CoreNLP.framework/Versions/A/CoreNLP
0x00007ff811e4e000 	/System/Library/PrivateFrameworks/MetadataUtilities.framework/Versions/A/MetadataUtilities
0x00007ff80c142000 	/usr/lib/libmecabra.dylib
0x00007ff81592a000 	/usr/lib/libmecab.dylib
0x00007ff80c10d000 	/usr/lib/libCRFSuite.dylib
0x00007ff815987000 	/usr/lib/libgermantok.dylib
0x00007ff8164f6000 	/usr/lib/libThaiTokenizer.dylib
0x00007ff811f40000 	/System/Library/Frameworks/Accelerate.framework/Versions/A/Frameworks/vImage.framework/Versions/A/vImage
0x00007ff81c4f9000 	/System/Library/Frameworks/Accelerate.framework/Versions/A/Frameworks/vecLib.framework/Versions/A/vecLib
0x00007ff816aec000 	/System/Library/Frameworks/Accelerate.framework/Versions/A/Frameworks/vecLib.framework/Versions/A/libvMisc.dylib
0x00007ff815367000 	/System/Library/Frameworks/Accelerate.framework/Versions/A/Frameworks/vecLib.framework/Versions/A/libvDSP.dylib
0x00007ff80bd76000 	/System/Library/Frameworks/Accelerate.framework/Versions/A/Frameworks/vecLib.framework/Versions/A/libBLAS.dylib
0x00007ff81662d000 	/System/Library/Frameworks/Accelerate.framework/Versions/A/Frameworks/vecLib.framework/Versions/A/libLAPACK.dylib
0x00007ff81598a000 	/System/Library/Frameworks/Accelerate.framework/Versions/A/Frameworks/vecLib.framework/Versions/A/libLinearAlgebra.dylib
0x00007ff816534000 	/System/Library/Frameworks/Accelerate.framework/Versions/A/Frameworks/vecLib.framework/Versions/A/libSparseBLAS.dylib
0x00007ff816627000 	/System/Library/Frameworks/Accelerate.framework/Versions/A/Frameworks/vecLib.framework/Versions/A/libQuadrature.dylib
0x00007ff814bd6000 	/System/Library/Frameworks/Accelerate.framework/Versions/A/Frameworks/vecLib.framework/Versions/A/libBNNS.dylib
0x00007ff80c023000 	/System/Library/Frameworks/Accelerate.framework/Versions/A/Frameworks/vecLib.framework/Versions/A/libSparse.dylib
0x00007ff814bcf000 	/System/Library/PrivateFrameworks/LinguisticData.framework/Versions/A/LinguisticData
0x00007ff80bfd8000 	/System/Library/PrivateFrameworks/Lexicon.framework/Versions/A/Lexicon
0x00007ff816ae5000 	/usr/lib/libChineseTokenizer.dylib
0x00007ff80c73c000 	/System/Library/PrivateFrameworks/LanguageModeling.framework/Versions/A/LanguageModeling
0x00007ff8164f8000 	/System/Library/PrivateFrameworks/AppleSauce.framework/Versions/A/AppleSauce
0x00007ff815537000 	/System/Library/PrivateFrameworks/CoreEmoji.framework/Versions/A/CoreEmoji
0x00007ff8163f8000 	/usr/lib/libcmph.dylib
0x00007ff812b65000 	/System/Library/Frameworks/OpenDirectory.framework/Versions/A/Frameworks/CFOpenDirectory.framework/Versions/A/CFOpenDirectory
0x00007ff812b59000 	/System/Library/Frameworks/OpenDirectory.framework/Versions/A/OpenDirectory
0x00007ff816a3e000 	/System/Library/PrivateFrameworks/APFS.framework/Versions/A/APFS
0x00007ff815858000 	/System/Library/Frameworks/SecurityFoundation.framework/Versions/A/SecurityFoundation
0x00007ff816ab9000 	/usr/lib/libutil.dylib
0x00007ff80de15000 	/System/Library/PrivateFrameworks/CoreServicesStore.framework/Versions/A/CoreServicesStore
0x00007ff816abd000 	/usr/lib/libxslt.1.dylib
0x00007ff8158e5000 	/System/Library/PrivateFrameworks/BackgroundTaskManagement.framework/Versions/A/BackgroundTaskManagement
0x00007ff817f2d000 	/System/Library/Frameworks/ImageIO.framework/Versions/A/Resources/libRadiance.dylib
0x00007ff817f36000 	/System/Library/Frameworks/ImageIO.framework/Versions/A/Resources/libJPEG.dylib
0x00007ff817e86000 	/System/Library/Frameworks/ImageIO.framework/Versions/A/Resources/libPng.dylib
0x00007ff817ea7000 	/System/Library/Frameworks/ImageIO.framework/Versions/A/Resources/libTIFF.dylib
0x00007ff817f96000 	/System/Library/Frameworks/ImageIO.framework/Versions/A/Resources/libGIF.dylib
0x00007ff8177b7000 	/System/Library/Frameworks/ImageIO.framework/Versions/A/Resources/libJP2.dylib
0x00007ff816ef9000 	/usr/lib/libexpat.1.dylib
0x00007ff81776c000 	/System/Library/PrivateFrameworks/AppleJPEG.framework/Versions/A/AppleJPEG
0x00007ff81402f000 	/System/Library/PrivateFrameworks/FontServices.framework/libFontParser.dylib
0x00007ff811b96000 	/System/Library/PrivateFrameworks/RunningBoardServices.framework/Versions/A/RunningBoardServices
0x00007ff822699000 	/System/Library/PrivateFrameworks/IOSurfaceAccelerator.framework/Versions/A/IOSurfaceAccelerator
0x00007ff81789a000 	/System/Library/PrivateFrameworks/WatchdogClient.framework/Versions/A/WatchdogClient
0x00007ff80c82b000 	/System/Library/Frameworks/CoreDisplay.framework/Versions/A/CoreDisplay
0x00007ff813f2f000 	/System/Library/Frameworks/CoreMedia.framework/Versions/A/CoreMedia
0x00007ff813dcc000 	/System/Library/PrivateFrameworks/IOAccelerator.framework/Versions/A/IOAccelerator
0x00007ff812ce1000 	/System/Library/Frameworks/CoreVideo.framework/Versions/A/CoreVideo
0x00007ff81654a000 	/System/Library/Frameworks/MetalPerformanceShaders.framework/Versions/A/MetalPerformanceShaders
0x00007ff8178d5000 	/System/Library/Frameworks/VideoToolbox.framework/Versions/A/VideoToolbox
0x00007ff811ade000 	/System/Library/PrivateFrameworks/BaseBoard.framework/Versions/A/BaseBoard
0x00007ff81186b000 	/System/Library/PrivateFrameworks/ProtocolBuffer.framework/Versions/A/ProtocolBuffer
0x00007ff817f26000 	/System/Library/PrivateFrameworks/GPUWrangler.framework/Versions/A/GPUWrangler
0x00007ff817f09000 	/System/Library/PrivateFrameworks/IOPresentment.framework/Versions/A/IOPresentment
0x00007ff817f30000 	/System/Library/PrivateFrameworks/DSExternalDisplay.framework/Versions/A/DSExternalDisplay
0x00007ffa22ede000 	/System/Library/Frameworks/OpenGL.framework/Versions/A/Libraries/libCoreFSCache.dylib
0x00007ffb0efd2000 	/System/Library/PrivateFrameworks/GPUCompiler.framework/Versions/31001/Libraries/libGPUCompilerUtils.dylib
0x00007ff817f9b000 	/System/Library/PrivateFrameworks/CMCaptureCore.framework/Versions/A/CMCaptureCore
0x00007ff8174a5000 	/System/Library/PrivateFrameworks/AppServerSupport.framework/Versions/A/AppServerSupport
0x00007ff819676000 	/System/Library/PrivateFrameworks/perfdata.framework/Versions/A/perfdata
0x00007ff80c957000 	/System/Library/PrivateFrameworks/AudioToolboxCore.framework/Versions/A/AudioToolboxCore
0x00007ff813f0c000 	/System/Library/PrivateFrameworks/caulk.framework/Versions/A/caulk
0x00007ff818fa3000 	/usr/lib/libAudioStatistics.dylib
0x00007ff9101e8000 	/System/Library/PrivateFrameworks/SystemPolicy.framework/Versions/A/SystemPolicy
0x00007ff8191ef000 	/usr/lib/libSMC.dylib
0x00007ff821fdb000 	/System/Library/Frameworks/CoreMIDI.framework/Versions/A/CoreMIDI
0x00007ff817e56000 	/usr/lib/libAudioToolboxUtility.dylib
0x00007ff90c670000 	/System/Library/PrivateFrameworks/OSAServicesClient.framework/Versions/A/OSAServicesClient
0x00007ff819683000 	/usr/lib/libperfcheck.dylib
0x00007ff910c74000 	/usr/lib/libmis.dylib
0x00007ffa22f3a000 	/System/Library/Frameworks/OpenGL.framework/Versions/A/Libraries/libGLU.dylib
0x00007ffa22efd000 	/System/Library/Frameworks/OpenGL.framework/Versions/A/Libraries/libGFXShared.dylib
0x00007ffa2310b000 	/System/Library/Frameworks/OpenGL.framework/Versions/A/Libraries/libGL.dylib
0x00007ffa22f06000 	/System/Library/Frameworks/OpenGL.framework/Versions/A/Libraries/libGLImage.dylib
0x00007ffa22efa000 	/System/Library/Frameworks/OpenGL.framework/Versions/A/Libraries/libCVMSPluginSupport.dylib
0x00007ffa22ee5000 	/System/Library/Frameworks/OpenGL.framework/Versions/A/Libraries/libCoreVMClient.dylib
0x00007ff814a6a000 	/System/Library/Frameworks/MetalPerformanceShaders.framework/Versions/A/Frameworks/MPSCore.framework/Versions/A/MPSCore
0x00007ff815ee9000 	/System/Library/Frameworks/MetalPerformanceShaders.framework/Versions/A/Frameworks/MPSImage.framework/Versions/A/MPSImage
0x00007ff8159a0000 	/System/Library/Frameworks/MetalPerformanceShaders.framework/Versions/A/Frameworks/MPSNeuralNetwork.framework/Versions/A/MPSNeuralNetwork
0x00007ff815e15000 	/System/Library/Frameworks/MetalPerformanceShaders.framework/Versions/A/Frameworks/MPSMatrix.framework/Versions/A/MPSMatrix
0x00007ff815bd1000 	/System/Library/Frameworks/MetalPerformanceShaders.framework/Versions/A/Frameworks/MPSRayIntersector.framework/Versions/A/MPSRayIntersector
0x00007ff815e4e000 	/System/Library/Frameworks/MetalPerformanceShaders.framework/Versions/A/Frameworks/MPSNDArray.framework/Versions/A/MPSNDArray
0x00007ffa27ae3000 	/System/Library/Frameworks/MetalPerformanceShaders.framework/Versions/A/Frameworks/MPSFunctions.framework/Versions/A/MPSFunctions
0x00007ff80bc59000 	/System/Library/PrivateFrameworks/MetalTools.framework/Versions/A/MetalTools
0x00007ff814ae4000 	/System/Library/PrivateFrameworks/AggregateDictionary.framework/Versions/A/AggregateDictionary
0x00007ff816cdb000 	/usr/lib/libIOReport.dylib
0x00007ffa2451a000 	/System/Library/Frameworks/OpenCL.framework/Versions/A/OpenCL
0x00007ff81703f000 	/System/Library/PrivateFrameworks/FaceCore.framework/Versions/A/FaceCore
0x00007ff817030000 	/System/Library/PrivateFrameworks/GraphVisualizer.framework/Versions/A/GraphVisualizer
0x00007ffb0eedd000 	/System/Library/PrivateFrameworks/FontServices.framework/Versions/A/FontServices
0x00007ff81745c000 	/System/Library/PrivateFrameworks/OTSVG.framework/Versions/A/OTSVG
0x00007ff8128c9000 	/System/Library/Frameworks/ApplicationServices.framework/Versions/A/Frameworks/ATS.framework/Versions/A/Resources/libFontRegistry.dylib
0x00007ff8174ad000 	/System/Library/PrivateFrameworks/FontServices.framework/libhvf.dylib
0x00007ffb0eede000 	/System/Library/PrivateFrameworks/FontServices.framework/libXTFontStaticRegistryData.dylib
0x00007ff816ea9000 	/System/Library/PrivateFrameworks/AppleVA.framework/Versions/A/AppleVA
0x00007ff818fc3000 	/System/Library/Frameworks/ApplicationServices.framework/Versions/A/Frameworks/ATS.framework/Versions/A/ATS
0x00007ff810f9c000 	/System/Library/Frameworks/ApplicationServices.framework/Versions/A/Frameworks/HIServices.framework/Versions/A/HIServices
0x00007ff817fa5000 	/System/Library/Frameworks/ApplicationServices.framework/Versions/A/Frameworks/PrintCore.framework/Versions/A/PrintCore
0x00007ff819342000 	/System/Library/Frameworks/ApplicationServices.framework/Versions/A/Frameworks/QD.framework/Versions/A/QD
0x00007ff81933a000 	/System/Library/Frameworks/ApplicationServices.framework/Versions/A/Frameworks/ColorSyncLegacy.framework/Versions/A/ColorSyncLegacy
0x00007ff818fb3000 	/System/Library/Frameworks/ApplicationServices.framework/Versions/A/Frameworks/SpeechSynthesis.framework/Versions/A/SpeechSynthesis
0x00007ff817f66000 	/System/Library/Frameworks/ApplicationServices.framework/Versions/A/Frameworks/ATSUI.framework/Versions/A/ATSUI
0x00007ff8192cf000 	/usr/lib/libcups.2.dylib
0x00007ff819692000 	/System/Library/Frameworks/Kerberos.framework/Versions/A/Kerberos
0x00007ff8196a1000 	/System/Library/Frameworks/GSS.framework/Versions/A/GSS
0x00007ff81902f000 	/usr/lib/libresolv.9.dylib
0x00007ff8174bc000 	/System/Library/PrivateFrameworks/Heimdal.framework/Versions/A/Heimdal
0x00007ff820145000 	/System/Library/Frameworks/Kerberos.framework/Versions/A/Libraries/libHeimdalProxy.dylib
0x00007ff811c6b000 	/System/Library/Frameworks/Network.framework/Versions/A/Network
0x00007ff816f13000 	/usr/lib/libheimdal-asn1.dylib
0x00007ff8196ec000 	/System/Library/PrivateFrameworks/CommonAuth.framework/Versions/A/CommonAuth
0x00007ff818f34000 	/System/Library/PrivateFrameworks/AudioSession.framework/Versions/A/AudioSession
0x00007ff816fa3000 	/System/Library/PrivateFrameworks/MediaExperience.framework/Versions/A/MediaExperience
0x00007ff818dc8000 	/System/Library/PrivateFrameworks/AudioSession.framework/libSessionUtility.dylib
0x00007ff81934e000 	/System/Library/PrivateFrameworks/AudioResourceArbitration.framework/Versions/A/AudioResourceArbitration
0x00007ff816f1c000 	/System/Library/PrivateFrameworks/IconFoundation.framework/Versions/A/IconFoundation
0x00007ff81c128000 	/System/Library/PrivateFrameworks/SpeechRecognitionCore.framework/Versions/A/SpeechRecognitionCore
0x0000000107f18000 	/Library/Java/JavaVirtualMachines/temurin-11.jdk/Contents/Home/lib/server/libjvm.dylib
0x0000000107182000 	/Library/Java/JavaVirtualMachines/temurin-11.jdk/Contents/Home/lib/libverify.dylib
0x00000001071bf000 	/Library/Java/JavaVirtualMachines/temurin-11.jdk/Contents/Home/lib/libjava.dylib
0x0000000107193000 	/Library/Java/JavaVirtualMachines/temurin-11.jdk/Contents/Home/lib/libjimage.dylib
0x0000000107227000 	/Library/Java/JavaVirtualMachines/temurin-11.jdk/Contents/Home/lib/libjdwp.dylib
0x00000001071ab000 	/Library/Java/JavaVirtualMachines/temurin-11.jdk/Contents/Home/lib/libzip.dylib
0x0000000107201000 	/Library/Java/JavaVirtualMachines/temurin-11.jdk/Contents/Home/lib/libdt_socket.dylib
0x0000000107cbf000 	/Library/Java/JavaVirtualMachines/temurin-11.jdk/Contents/Home/lib/libnio.dylib
0x0000000107cd2000 	/Library/Java/JavaVirtualMachines/temurin-11.jdk/Contents/Home/lib/libnet.dylib
0x0000000107217000 	/Users/acg/.openjfx/cache/11/libprism_es2.dylib
0x00007ff80ddd6000 	/System/Library/PrivateFrameworks/CoreServicesInternal.framework/Versions/A/CoreServicesInternal
0x00007ffa23116000 	/System/Library/Frameworks/OpenGL.framework/Versions/A/Resources/GLEngine.bundle/GLEngine
0x00007ffa22f78000 	/System/Library/Frameworks/OpenGL.framework/Versions/A/Libraries/libGLProgrammability.dylib
0x00007ffa1ac4c000 	/System/Library/Extensions/AppleIntelBDWGraphicsGLDriver.bundle/Contents/MacOS/AppleIntelBDWGraphicsGLDriver
0x00007ff91aa5d000 	/System/Library/PrivateFrameworks/GPUSupport.framework/Versions/A/Libraries/libGPUSupportMercury.dylib
0x00007ffa232a5000 	/System/Library/Frameworks/OpenGL.framework/Versions/A/Resources/GLRendererFloat.bundle/GLRendererFloat
0x00000001122d9000 	/Users/acg/.openjfx/cache/11/libglass.dylib
0x00007ff81d8f9000 	/System/Library/Frameworks/FileProvider.framework/Versions/A/FileProvider
0x00007ff811a4a000 	/System/Library/Frameworks/Accounts.framework/Versions/A/Accounts
0x00007ff81da71000 	/System/Library/PrivateFrameworks/GenerationalStorage.framework/Versions/A/GenerationalStorage
0x00007ff81e57e000 	/System/Library/PrivateFrameworks/CoreSymbolication.framework/Versions/A/CoreSymbolication
0x00007ff81d2fd000 	/System/Library/PrivateFrameworks/SymptomDiagnosticReporter.framework/Versions/A/SymptomDiagnosticReporter
0x00007ff80f095000 	/System/Library/PrivateFrameworks/DesktopServicesPriv.framework/Versions/A/DesktopServicesPriv
0x00007ff80df17000 	/usr/lib/libsandbox.1.dylib
0x00007ff812d5f000 	/System/Library/PrivateFrameworks/UserManagement.framework/Versions/A/UserManagement
0x00007ff81e543000 	/System/Library/PrivateFrameworks/DebugSymbols.framework/Versions/A/DebugSymbols
0x00007ff81932f000 	/System/Library/PrivateFrameworks/NetAuth.framework/Versions/A/NetAuth
0x00007ff81a21b000 	/System/Library/PrivateFrameworks/Sharing.framework/Versions/A/Sharing
0x00007ff812d32000 	/System/Library/PrivateFrameworks/login.framework/Versions/A/Frameworks/loginsupport.framework/Versions/A/loginsupport
0x00007ff81f67b000 	/System/Library/PrivateFrameworks/Apple80211.framework/Versions/A/Apple80211
0x00007ff815fce000 	/System/Library/PrivateFrameworks/AuthKit.framework/Versions/A/AuthKit
0x00007ff81562d000 	/System/Library/PrivateFrameworks/CoreUtils.framework/Versions/A/CoreUtils
0x00007ff815554000 	/System/Library/Frameworks/CoreWLAN.framework/Versions/A/CoreWLAN
0x00007ff81a376000 	/System/Library/Frameworks/IOBluetooth.framework/Versions/A/IOBluetooth
0x00007ff81f6e3000 	/System/Library/PrivateFrameworks/CoreWiFi.framework/Versions/A/CoreWiFi
0x00007ff81e118000 	/System/Library/PrivateFrameworks/FrontBoardServices.framework/Versions/A/FrontBoardServices
0x00007ff81e1aa000 	/System/Library/PrivateFrameworks/BoardServices.framework/Versions/A/BoardServices
0x00007ff815847000 	/System/Library/PrivateFrameworks/AssertionServices.framework/Versions/A/AssertionServices
0x00007ff81f867000 	/System/Library/PrivateFrameworks/BackBoardServices.framework/Versions/A/BackBoardServices
0x00007ff81977b000 	/System/Library/PrivateFrameworks/CorePhoneNumbers.framework/Versions/A/CorePhoneNumbers
0x00007ff81d41a000 	/System/Library/PrivateFrameworks/DiskManagement.framework/Versions/A/DiskManagement
0x00007ff81d32e000 	/System/Library/PrivateFrameworks/AppleIDAuthSupport.framework/Versions/A/AppleIDAuthSupport
0x00007ffa29a49000 	/System/Library/PrivateFrameworks/AAAFoundation.framework/Versions/A/AAAFoundation
0x00007ff81975c000 	/System/Library/PrivateFrameworks/KeychainCircle.framework/Versions/A/KeychainCircle
0x00007ff81d3e6000 	/System/Library/PrivateFrameworks/MediaKit.framework/Versions/A/MediaKit
0x00007ff81d33a000 	/System/Library/Frameworks/DiscRecording.framework/Versions/A/DiscRecording
0x00007ff816e21000 	/usr/lib/libCoreStorage.dylib
0x00007ff81fb54000 	/usr/lib/libcsfde.dylib
0x00007ff81a443000 	/System/Library/PrivateFrameworks/ProtectedCloudStorage.framework/Versions/A/ProtectedCloudStorage
0x00007ff81fb50000 	/System/Library/PrivateFrameworks/EFILogin.framework/Versions/A/EFILogin
0x00007ff81da97000 	/System/Library/PrivateFrameworks/OctagonTrust.framework/Versions/A/OctagonTrust
0x00007ffb0e217000 	/System/Library/PrivateFrameworks/CoreUtilsExtras.framework/Versions/A/CoreUtilsExtras
0x00007ff81d26d000 	/System/Library/Frameworks/CoreBluetooth.framework/Versions/A/CoreBluetooth
0x00007ff8201ca000 	/System/Library/Frameworks/AudioUnit.framework/Versions/A/AudioUnit
0x00007ff816e19000 	/usr/lib/libMatch.1.dylib
0x00007ff915047000 	/System/Library/Frameworks/Accelerate.framework/Versions/A/Frameworks/vImage.framework/Versions/A/Libraries/libCGInterfaces.dylib
0x00000001127ed000 	/usr/lib/libobjc-trampolines.dylib
0x00007ff812a59000 	/System/Library/PrivateFrameworks/ViewBridge.framework/Versions/A/ViewBridge
0x00007ffb20ae1000 	/usr/lib/libRosetta.dylib
0x000000011282f000 	/Users/acg/.openjfx/cache/11/libjavafx_font.dylib
0x00007ff817576000 	/System/Library/PrivateFrameworks/login.framework/Versions/A/login
0x000000012f6f9000 	/Library/Java/JavaVirtualMachines/temurin-11.jdk/Contents/Home/lib/libextnet.dylib
0x000000012f70b000 	/Library/Java/JavaVirtualMachines/temurin-11.jdk/Contents/Home/lib/libmanagement.dylib
0x000000012f720000 	/Library/Java/JavaVirtualMachines/temurin-11.jdk/Contents/Home/lib/libmanagement_ext.dylib
0x00007ff81c7ef000 	/System/Library/PrivateFrameworks/SystemAdministration.framework/Versions/A/SystemAdministration
0x00007ff8181cd000 	/System/Library/Frameworks/MediaToolbox.framework/Versions/A/MediaToolbox
0x00007ff81c0f4000 	/System/Library/Frameworks/DirectoryService.framework/Versions/A/DirectoryService
0x00007ff81f9f3000 	/System/Library/PrivateFrameworks/DiskImages.framework/Versions/A/DiskImages
0x00007ff8158ef000 	/System/Library/Frameworks/ServiceManagement.framework/Versions/A/ServiceManagement
0x00007ff81fbcc000 	/System/Library/PrivateFrameworks/LoginUIKit.framework/Versions/A/Frameworks/LoginUICore.framework/Versions/A/LoginUICore
0x00007ff817724000 	/usr/lib/libodfde.dylib
0x00007ff81d8c9000 	/System/Library/PrivateFrameworks/CoreAVCHD.framework/Versions/A/CoreAVCHD
0x00007ff81c7b3000 	/System/Library/Frameworks/MediaAccessibility.framework/Versions/A/MediaAccessibility
0x00007ff81d8c5000 	/System/Library/PrivateFrameworks/Mangrove.framework/Versions/A/Mangrove
0x00007ff81c7be000 	/System/Library/PrivateFrameworks/AlgosScoreFramework.framework/Versions/A/AlgosScoreFramework
0x00007ffb0b67f000 	/System/Library/PrivateFrameworks/CMPhoto.framework/Versions/A/CMPhoto
0x00007ff81e419000 	/System/Library/PrivateFrameworks/AppleVPA.framework/Versions/A/AppleVPA
0x00007ff81d50a000 	/System/Library/PrivateFrameworks/CoreAUC.framework/Versions/A/CoreAUC
0x00007ff81fb60000 	/usr/lib/libcurl.4.dylib
0x00007ff81f8bf000 	/usr/lib/libcrypto.44.dylib
0x00007ff81f9c6000 	/usr/lib/libssl.46.dylib
0x00007ff81f885000 	/System/Library/Frameworks/LDAP.framework/Versions/A/LDAP
0x00007ff81f8bd000 	/System/Library/PrivateFrameworks/TrustEvaluationAgent.framework/Versions/A/TrustEvaluationAgent
0x00007ff819048000 	/usr/lib/libsasl2.2.dylib
0x00007ff81c7e3000 	/System/Library/PrivateFrameworks/CoreDaemon.framework/Versions/B/CoreDaemon
0x00007ff81c7de000 	/System/Library/PrivateFrameworks/AppleSRP.framework/Versions/A/AppleSRP


VM Arguments:
jvm_args: -agentlib:jdwp=transport=dt_socket,server=n,suspend=y,address=localhost:50184 -Dfile.encoding=UTF-8 
java_command: br.edu.femass.Main
java_class_path (initial): /Users/acg/Documents/Projetos/workspace/petshop/target/classes:/Users/acg/.m2/repository/org/postgresql/postgresql/42.3.0/postgresql-42.3.0.jar:/Users/acg/.m2/repository/org/checkerframework/checker-qual/3.5.0/checker-qual-3.5.0.jar:/Users/acg/.m2/repository/org/projectlombok/lombok/1.18.22/lombok-1.18.22.jar:/Users/acg/.m2/repository/org/openjfx/javafx-controls/11/javafx-controls-11.jar:/Users/acg/.m2/repository/org/openjfx/javafx-controls/11/javafx-controls-11-mac.jar:/Users/acg/.m2/repository/org/openjfx/javafx-graphics/11/javafx-graphics-11.jar:/Users/acg/.m2/repository/org/openjfx/javafx-graphics/11/javafx-graphics-11-mac.jar:/Users/acg/.m2/repository/org/openjfx/javafx-base/11/javafx-base-11.jar:/Users/acg/.m2/repository/org/openjfx/javafx-base/11/javafx-base-11-mac.jar:/Users/acg/.m2/repository/org/openjfx/javafx-fxml/11/javafx-fxml-11.jar:/Users/acg/.m2/repository/org/openjfx/javafx-fxml/11/javafx-fxml-11-mac.jar:/Users/acg/.m2/repository/com/zaxxer/HikariCP/3.4.2/HikariCP-3.4.2.jar:/Users/acg/.m2/repository/org/jgrapht/jgrapht-core/1.4.0/jgrapht-core-1.4.0.jar:/Users/acg/.m2/repository/org/jheaps/jheaps/0.11/jheaps-0.11.jar:/Users/acg/.m2/repository/org/mariadb/jdbc/mariadb-java-client/2.5.4/mariadb-java-client-2.5.4.jar:/Users/acg/.m2/repository/org/slf4j/slf4j-api/1.7.30/slf4j-api-1.7.30.jar:/Users/acg/.m2/repository/org/slf4j/slf4j-log4j12/1.7.5/slf4j-log4j12-1.7.5.jar:/Users/acg/.m2/repository/log4j/log4j/1.2.17/log4j-1.2.17.jar
Launcher Type: SUN_STANDARD

[Global flags]
     intx CICompilerCount                          = 3                                         {product} {ergonomic}
     uint ConcGCThreads                            = 1                                         {product} {ergonomic}
     uint G1ConcRefinementThreads                  = 4                                         {product} {ergonomic}
   size_t G1HeapRegionSize                         = 1048576                                   {product} {ergonomic}
    uintx GCDrainStackTargetSize                   = 64                                        {product} {ergonomic}
   size_t InitialHeapSize                          = 134217728                                 {product} {ergonomic}
   size_t MarkStackSize                            = 4194304                                   {product} {ergonomic}
   size_t MaxHeapSize                              = 2147483648                                {product} {ergonomic}
   size_t MaxNewSize                               = 1287651328                                {product} {ergonomic}
   size_t MinHeapDeltaBytes                        = 1048576                                   {product} {ergonomic}
    uintx NonNMethodCodeHeapSize                   = 5830732                                {pd product} {ergonomic}
    uintx NonProfiledCodeHeapSize                  = 122913754                              {pd product} {ergonomic}
    uintx ProfiledCodeHeapSize                     = 122913754                              {pd product} {ergonomic}
    uintx ReservedCodeCacheSize                    = 251658240                              {pd product} {ergonomic}
     bool SegmentedCodeCache                       = true                                      {product} {ergonomic}
     bool UseCompressedClassPointers               = true                                 {lp64_product} {ergonomic}
     bool UseCompressedOops                        = true                                 {lp64_product} {ergonomic}
     bool UseG1GC                                  = true                                      {product} {ergonomic}

Logging:
Log output configuration:
 #0: stdout all=warning uptime,level,tags
 #1: stderr all=off uptime,level,tags

Environment Variables:
JAVA_HOME=/Library/Java/JavaVirtualMachines/temurin-11.jdk/Contents/Home
PATH=/usr/local/bin:/usr/bin:/bin:/usr/sbin:/sbin:/opt/miniconda3/bin:/opt/miniconda3/condabin
SHELL=/bin/zsh
LANG=pt_BR.UTF-8

Signal Handlers:
SIGSEGV: [libjvm.dylib+0x7c4d6c], sa_mask[0]=11111111011111110111111111111111, sa_flags=SA_ONSTACK|SA_RESTART|SA_SIGINFO
SIGBUS: [libjvm.dylib+0x7c4d6c], sa_mask[0]=11111111011111110111111111111111, sa_flags=SA_RESTART|SA_SIGINFO
SIGFPE: [libjvm.dylib+0x7c4d6c], sa_mask[0]=11111111011111110111111111111111, sa_flags=SA_RESTART|SA_SIGINFO
SIGPIPE: [libjvm.dylib+0x6298ca], sa_mask[0]=11111111011111110111111111111111, sa_flags=SA_RESTART|SA_SIGINFO
SIGXFSZ: [libjvm.dylib+0x6298ca], sa_mask[0]=11111111011111110111111111111111, sa_flags=SA_RESTART|SA_SIGINFO
SIGILL: [libjvm.dylib+0x7c4d6c], sa_mask[0]=11111111011111110111111111111111, sa_flags=SA_RESTART|SA_SIGINFO
SIGUSR2: [libjvm.dylib+0x629eb1], sa_mask[0]=00000000000000000000000000000000, sa_flags=SA_RESTART|SA_SIGINFO
SIGHUP: [libjvm.dylib+0x628a93], sa_mask[0]=11111111011111110111111111111111, sa_flags=SA_RESTART|SA_SIGINFO
SIGINT: [libjvm.dylib+0x628a93], sa_mask[0]=11111111011111110111111111111111, sa_flags=SA_RESTART|SA_SIGINFO
SIGTERM: [libjvm.dylib+0x628a93], sa_mask[0]=11111111011111110111111111111111, sa_flags=SA_RESTART|SA_SIGINFO
SIGQUIT: [libjvm.dylib+0x628a93], sa_mask[0]=11111111011111110111111111111111, sa_flags=SA_RESTART|SA_SIGINFO


---------------  S Y S T E M  ---------------

OS:uname:Darwin 21.1.0 Darwin Kernel Version 21.1.0: Wed Oct 13 17:33:23 PDT 2021; root:xnu-8019.41.5~1/RELEASE_X86_64 x86_64
OS uptime: 0 days 22:30 hours
rlimit (soft/hard): STACK 8192k/65532k , CORE 0k/infinity , NPROC 1392/2088 , NOFILE 10240/infinity , AS infinity/infinity , CPU infinity/infinity , DATA infinity/infinity , FSIZE infinity/infinity , MEMLOCK infinity/infinity , RSS infinity/infinity
load average:7,60 6,03 6,71

CPU:total 4 (initial active 4) (2 cores per cpu, 2 threads per core) family 6 model 61 stepping 4 microcode 0x2f, cmov, cx8, fxsr, mmx, sse, sse2, sse3, ssse3, sse4.1, sse4.2, popcnt, avx, avx2, aes, clmul, erms, rtm, 3dnowpref, lzcnt, ht, tsc, tscinvbit, bmi1, bmi2, adx, fma

Memory: 4k page, physical 8388608k(27244k free), swap 2097152k(1284608k free)

vm_info: OpenJDK 64-Bit Server VM (11.0.13+8) for bsd-amd64 JRE (11.0.13+8), built on Oct 20 2021 01:56:05 by "jenkins" with clang 4.2.1 Compatible Apple LLVM 10.0.1 (clang-1001.0.46.4)

END.
